mktextfm STZhongsong/OT
mktextfm STZhongsong/I/OT
mktextfm STZhongsong/OT
mktextfm STZhongsong/OT
mktextfm STZhongsong/OT
mktextfm STZhongsong/I/OT
mktextfm STZhongsong/OT
mktextfm STZhongsong/OT
mktextfm SimSun
mktextfm SimSun
mktextfm SimHei
mktextfm SimHei/I
mktextfm SimSun
mktextfm SimSun/BI
mktextfm SimSun
mktextfm SimSun/I
mktextfm SimSun
mktextfm SimSun
mktextfm SimHei
mktextfm SimHei
mktextfm SimSun
mktextfm SimSun
mktextfm SimSun
mktextfm SimSun/BI
mktextfm SimSun
mktextfm SimSun/B
mktextfm SimSun
mktextfm SimSun/I
mktextfm SimSun
mktextfm SimSun
mktextfm SimSun
mktextfm SimSun
mktextfm SimHei
mktextfm SimHei/I
mktextfm SimSun
mktextfm SimSun/BI
mktextfm SimSun
mktextfm SimSun/I
mktextfm SimSun
mktextfm SimSun
mktextfm SimHei
mktextfm SimHei
mktextfm SimSun
mktextfm SimSun
mktextfm SimSun
mktextfm SimSun/BI
mktextfm SimSun
mktextfm SimSun/B
mktextfm SimSun
mktextfm SimSun/I
mktextfm SimSun
mktextfm SimSun
mktextfm SimSun
mktextfm SimSun
mktextfm SimHei
mktextfm SimHei/I
mktextfm SimSun
mktextfm SimSun/BI
mktextfm SimSun
mktextfm SimSun/I
mktextfm SimSun
mktextfm SimSun
mktextfm SimHei
mktextfm SimHei
mktextfm SimSun
mktextfm SimSun
mktextfm SimSun
mktextfm SimSun/BI
mktextfm SimSun
mktextfm SimSun/B
mktextfm SimSun
mktextfm SimSun/I
mktextfm SimSun
mktextfm SimSun
mktextfm SimSun
mktextfm SimSun
mktextfm SimHei
mktextfm SimHei/I
mktextfm SimSun
mktextfm SimSun/BI
mktextfm SimSun
mktextfm SimSun/I
mktextfm SimSun
mktextfm SimSun
mktextfm SimHei
mktextfm SimHei
mktextfm SimSun
mktextfm SimSun
mktextfm SimSun
mktextfm SimSun/BI
mktextfm SimSun
mktextfm SimSun/B
mktextfm SimSun
mktextfm SimSun/I
mktextfm SimSun
mktextfm SimSun
mktextfm AdobeSongStd-Light/OT
mktextfm AdobeSongStd-Light/OT
mktextfm AdobeKaitiStd-Regular/OT
mktextfm AdobeKaitiStd-Regular/B/OT
mktextfm AdobeHeitiStd-Regular/OT
mktextfm AdobeHeitiStd-Regular/I/OT
mktextfm AdobeSongStd-Light/OT
mktextfm AdobeSongStd-Light/BI/OT
mktextfm AdobeSongStd-Light/OT
mktextfm AdobeSongStd-Light/OT
mktextfm AdobeHeitiStd-Regular/OT
mktextfm AdobeHeitiStd-Regular/OT
mktextfm AdobeKaitiStd-Regular/OT
mktextfm AdobeKaitiStd-Regular/OT
mktextfm AdobeFangsongStd-Regular/OT
mktextfm AdobeFangsongStd-Regular/OT
mktextfm AdobeFangsongStd-Regular/OT
mktextfm AdobeFangsongStd-Regular/BI/OT
mktextfm AdobeFangsongStd-Regular/OT
mktextfm AdobeFangsongStd-Regular/B/OT
mktextfm AdobeFangsongStd-Regular/OT
mktextfm AdobeFangsongStd-Regular/I/OT
mktextfm AdobeFangsongStd-Regular/OT
mktextfm AdobeFangsongStd-Regular/OT
mktextfm AdobeFangsongStd-Regular/OT
mktextfm AdobeHeitiStd-Regular/OT
mktextfm AdobeHeitiStd-Regular/OT
mktextfm AdobeHeitiStd-Regular/OT
mktextfm AdobeHeitiStd-Regular/BI/OT
mktextfm AdobeHeitiStd-Regular/OT
mktextfm AdobeHeitiStd-Regular/B/OT
mktextfm AdobeHeitiStd-Regular/OT
mktextfm AdobeHeitiStd-Regular/I/OT
mktextfm AdobeHeitiStd-Regular/OT
mktextfm AdobeHeitiStd-Regular/OT
mktextfm AdobeFangsongStd-Regular/OT
mktextfm AdobeFangsongStd-Regular/OT
