\BOOKMARK [0][-]{titlepage.0}{\376\377\134\001\227\142}{}% 1
\BOOKMARK [0][-]{cabstract.0}{\376\377\144\130\211\201}{}% 2
\BOOKMARK [0][-]{eabstract.0}{\376\377\000A\000B\000S\000T\000R\000A\000C\000T}{}% 3
\BOOKMARK [0][-]{contents.0}{\376\377\166\356\137\125}{}% 4
\BOOKMARK [0][-]{chapter.1}{\376\377\176\352\213\272}{}% 5
\BOOKMARK [1][-]{section.1.1}{\376\377\220\011\230\230\200\314\146\157}{chapter.1}% 6
\BOOKMARK [1][-]{section.1.2}{\376\377\170\024\172\166\166\356\150\007\116\016\121\205\133\271}{chapter.1}% 7
\BOOKMARK [1][-]{section.1.3}{\376\377\213\272\145\207\176\304\176\307\176\323\147\204}{chapter.1}% 8
\BOOKMARK [0][-]{chapter.2}{\376\377\166\370\121\163\164\006\213\272\116\016\142\200\147\057}{}% 9
\BOOKMARK [1][-]{section.2.1}{\376\377\153\324\162\171\136\001\127\060\127\100}{chapter.2}% 10
\BOOKMARK [1][-]{section.2.2}{\376\377\131\032\221\315\173\176\172\340\127\060\127\100}{chapter.2}% 11
\BOOKMARK [1][-]{section.2.3}{\376\377\123\072\127\127\224\376}{chapter.2}% 12
\BOOKMARK [0][-]{chapter.3}{\376\377\174\373\176\337\227\000\154\102\122\006\147\220}{}% 13
\BOOKMARK [1][-]{section.3.1}{\376\377\116\244\146\023\152\041\127\213\122\006\147\220}{chapter.3}% 14
\BOOKMARK [1][-]{section.3.2}{\376\377\122\237\200\375\140\047\227\000\154\102\122\006\147\220}{chapter.3}% 15
\BOOKMARK [1][-]{section.3.3}{\376\377\227\136\122\237\200\375\140\047\227\000\154\102\122\006\147\220}{chapter.3}% 16
\BOOKMARK [0][-]{chapter.4}{\376\377\174\373\176\337\151\202\211\201\213\276\213\241}{}% 17
\BOOKMARK [1][-]{section.4.1}{\376\377\000B\000T\000M\000S\147\266\147\204\116\016\217\320\117\134\155\101\172\013}{chapter.4}% 18
\BOOKMARK [1][-]{section.4.2}{\376\377\133\236\145\366\000B\000T\000M\000S\147\266\147\204\116\016\217\320\117\134\155\101\172\013}{chapter.4}% 19
\BOOKMARK [0][-]{chapter.5}{\376\377\174\373\176\337\213\346\176\306\213\276\213\241\116\016\133\236\163\260}{}% 20
\BOOKMARK [1][-]{section.5.1}{\376\377\000B\000T\000M\000S\145\160\143\156\136\223\213\276\213\241}{chapter.5}% 21
\BOOKMARK [1][-]{section.5.2}{\376\377\174\373\176\337\152\041\127\127\213\276\213\241}{chapter.5}% 22
\BOOKMARK [1][-]{section.5.3}{\376\377\174\373\176\337\133\236\163\260}{chapter.5}% 23
\BOOKMARK [0][-]{chapter.6}{\376\377\174\373\176\337\155\113\213\325}{}% 24
\BOOKMARK [1][-]{section.6.1}{\376\377\122\237\200\375\155\113\213\325}{chapter.6}% 25
\BOOKMARK [1][-]{section.6.2}{\376\377\140\047\200\375\155\113\213\325}{chapter.6}% 26
\BOOKMARK [0][-]{chapter.7}{\376\377\140\073\176\323\116\016\134\125\147\033}{}% 27
\BOOKMARK [0][-]{appendix*.105}{\376\377\123\302\200\003\145\207\163\056}{}% 28
\BOOKMARK [0][-]{appendix*.106}{\376\377\201\364\214\042}{}% 29
\BOOKMARK [0][-]{appendix*.107}{\376\377\123\027\116\254\131\047\133\146\133\146\117\115\213\272\145\207\123\237\122\033\140\047\130\360\146\016\124\214\117\177\165\050\143\210\147\103\213\364\146\016}{}% 30
