This is XeTeX, Version 3.14159265-2.6-0.99998 (TeX Live 2017) (preloaded format=xelatex 2018.1.26)  13 FEB 2018 23:21
entering extended mode
 restricted \write18 enabled.
 %&-line parsing enabled.
**chap4.tex
(./chap4.tex
LaTeX2e <2017-04-15>
Babel <3.10> and hyphenation patterns for 84 language(s) loaded.
! Undefined control sequence.
l.4 \chapter
            {æ¯”ç‰¹å¹£äº¤æ˜“ç›£ç£ç³»çµ±è¨­è¨ˆ}
The control sequence at the end of the top line
of your error message was never \def'ed. If you have
misspelled it (e.g., `\hobx'), type `I' and the correct
spelling (e.g., `I\hbox'). Otherwise just continue,
and I'll forget about whatever was undefined.


! LaTeX Error: Missing \begin{document}.

See the LaTeX manual or LaTeX Companion for explanation.
Type  H <return>  for immediate help.
 ...                                              
                                                  
l.4 \chapter{æ¯”
                ç‰¹å¹£äº¤æ˜“ç›£ç£ç³»çµ±è¨­è¨ˆ}
You're in trouble here.  Try typing  <return>  to proceed.
If that doesn't work, type  X <return>  to quit.

Missing character: There is no æ¯” in font nullfont!
Missing character: There is no ç‰¹ in font nullfont!
Missing character: There is no å¹£ in font nullfont!
Missing character: There is no äº¤ in font nullfont!
Missing character: There is no æ˜“ in font nullfont!
Missing character: There is no ç›£ in font nullfont!
Missing character: There is no ç£ in font nullfont!
Missing character: There is no ç³» in font nullfont!
Missing character: There is no çµ± in font nullfont!
Missing character: There is no è¨­ in font nullfont!
Missing character: There is no è¨ˆ in font nullfont!
Missing character: There is no åœ¨ in font nullfont!
Missing character: There is no æ in font nullfont!
Missing character: There is no å‡º in font nullfont!
Missing character: There is no çš„ in font nullfont!
Missing character: There is no çš„ in font nullfont!
Missing character: There is no åŸº in font nullfont!
Missing character: There is no æ–¼ in font nullfont!
Missing character: There is no å€ in font nullfont!
Missing character: There is no å¡Š in font nullfont!
Missing character: There is no éˆ in font nullfont!
Missing character: There is no çš„ in font nullfont!
Missing character: There is no æ”¯ in font nullfont!
Missing character: There is no ä»˜ in font nullfont!
Missing character: There is no æ”¶ in font nullfont!
Missing character: There is no æ¬¾ in font nullfont!
Missing character: There is no ç›£ in font nullfont!
Missing character: There is no ç£ in font nullfont!
Missing character: There is no ç³» in font nullfont!
Missing character: There is no çµ± in font nullfont!
Missing character: There is no ï¼ˆ in font nullfont!
Missing character: There is no B in font nullfont!
Missing character: There is no l in font nullfont!
Missing character: There is no o in font nullfont!
Missing character: There is no c in font nullfont!
Missing character: There is no k in font nullfont!
Missing character: There is no c in font nullfont!
Missing character: There is no h in font nullfont!
Missing character: There is no a in font nullfont!
Missing character: There is no i in font nullfont!
Missing character: There is no n in font nullfont!
Missing character: There is no - in font nullfont!
Missing character: There is no b in font nullfont!
Missing character: There is no a in font nullfont!
Missing character: There is no s in font nullfont!
Missing character: There is no e in font nullfont!
Missing character: There is no d in font nullfont!
Missing character: There is no P in font nullfont!
Missing character: There is no a in font nullfont!
Missing character: There is no y in font nullfont!
Missing character: There is no m in font nullfont!
Missing character: There is no e in font nullfont!
Missing character: There is no n in font nullfont!
Missing character: There is no t in font nullfont!
Missing character: There is no C in font nullfont!
Missing character: There is no o in font nullfont!
Missing character: There is no l in font nullfont!
Missing character: There is no l in font nullfont!
Missing character: There is no e in font nullfont!
Missing character: There is no c in font nullfont!
Missing character: There is no t in font nullfont!
Missing character: There is no i in font nullfont!
Missing character: There is no o in font nullfont!
Missing character: There is no n in font nullfont!
Missing character: There is no S in font nullfont!
Missing character: There is no u in font nullfont!
Missing character: There is no p in font nullfont!
Missing character: There is no e in font nullfont!
Missing character: There is no r in font nullfont!
Missing character: There is no v in font nullfont!
Missing character: There is no i in font nullfont!
Missing character: There is no s in font nullfont!
Missing character: There is no i in font nullfont!
Missing character: There is no o in font nullfont!
Missing character: There is no n in font nullfont!
Missing character: There is no S in font nullfont!
Missing character: There is no y in font nullfont!
Missing character: There is no s in font nullfont!
Missing character: There is no t in font nullfont!
Missing character: There is no e in font nullfont!
Missing character: There is no m in font nullfont!
Missing character: There is no ï¼Œ in font nullfont!
Missing character: There is no B in font nullfont!
Missing character: There is no P in font nullfont!
Missing character: There is no C in font nullfont!
Missing character: There is no S in font nullfont!
Missing character: There is no S in font nullfont!
Missing character: There is no ï¼‰ in font nullfont!
Missing character: There is no ä¸­ in font nullfont!
Missing character: There is no ï¼Œ in font nullfont!
Missing character: There is no åŸº in font nullfont!
Missing character: There is no æ–¼ in font nullfont!
Missing character: There is no å€ in font nullfont!
Missing character: There is no å¡Š in font nullfont!
Missing character: There is no éˆ in font nullfont!
Missing character: There is no çš„ in font nullfont!
Missing character: There is no æ”¯ in font nullfont!
Missing character: There is no ä»˜ in font nullfont!
Missing character: There is no æ”¶ in font nullfont!
Missing character: There is no æ¬¾ in font nullfont!
Missing character: There is no ç›£ in font nullfont!
Missing character: There is no ç£ in font nullfont!
Missing character: There is no æ¡ in font nullfont!
Missing character: There is no ç”¨ in font nullfont!
Missing character: There is no æ¯” in font nullfont!
Missing character: There is no ç‰¹ in font nullfont!
Missing character: There is no å¹£ in font nullfont!
Missing character: There is no æ•¸ in font nullfont!
Missing character: There is no å­— in font nullfont!
Missing character: There is no è²¨ in font nullfont!
Missing character: There is no å¹£ in font nullfont!
Missing character: There is no ï¼Œ in font nullfont!
Missing character: There is no åŸº in font nullfont!
Missing character: There is no æ–¼ in font nullfont!
Missing character: There is no å€ in font nullfont!
Missing character: There is no å¡Š in font nullfont!
Missing character: There is no éˆ in font nullfont!
Missing character: There is no çš„ in font nullfont!
Missing character: There is no æ”¯ in font nullfont!
Missing character: There is no ä»˜ in font nullfont!
Missing character: There is no æ”¶ in font nullfont!
Missing character: There is no æ¬¾ in font nullfont!
Missing character: There is no ç›£ in font nullfont!
Missing character: There is no ç£ in font nullfont!
Missing character: There is no ç³» in font nullfont!
Missing character: There is no çµ± in font nullfont!
Missing character: There is no åŒ… in font nullfont!
Missing character: There is no å« in font nullfont!
Missing character: There is no ä¸‰ in font nullfont!
Missing character: There is no å€‹ in font nullfont!
Missing character: There is no å­ in font nullfont!
Missing character: There is no ç³» in font nullfont!
Missing character: There is no çµ± in font nullfont!
Missing character: There is no ï¼Œ in font nullfont!
Missing character: There is no å•† in font nullfont!
Missing character: There is no åº— in font nullfont!
Missing character: There is no å’Œ in font nullfont!
Missing character: There is no å•† in font nullfont!
Missing character: There is no å“ in font nullfont!
Missing character: There is no ä¿¡ in font nullfont!
Missing character: There is no æ¯ in font nullfont!
Missing character: There is no ç®¡ in font nullfont!
Missing character: There is no ç† in font nullfont!
Missing character: There is no å­ in font nullfont!
Missing character: There is no ç³» in font nullfont!
Missing character: There is no çµ± in font nullfont!
Missing character: There is no ï¼ˆ in font nullfont!
Missing character: There is no S in font nullfont!
Missing character: There is no t in font nullfont!
Missing character: There is no o in font nullfont!
Missing character: There is no r in font nullfont!
Missing character: There is no e in font nullfont!
Missing character: There is no a in font nullfont!
Missing character: There is no n in font nullfont!
Missing character: There is no d in font nullfont!
Missing character: There is no M in font nullfont!
Missing character: There is no e in font nullfont!
Missing character: There is no r in font nullfont!
Missing character: There is no c in font nullfont!
Missing character: There is no h in font nullfont!
Missing character: There is no a in font nullfont!
Missing character: There is no n in font nullfont!
Missing character: There is no d in font nullfont!
Missing character: There is no i in font nullfont!
Missing character: There is no s in font nullfont!
Missing character: There is no e in font nullfont!
Missing character: There is no I in font nullfont!
Missing character: There is no n in font nullfont!
Missing character: There is no f in font nullfont!
Missing character: There is no o in font nullfont!
Missing character: There is no r in font nullfont!
Missing character: There is no m in font nullfont!
Missing character: There is no a in font nullfont!
Missing character: There is no t in font nullfont!
Missing character: There is no i in font nullfont!
Missing character: There is no o in font nullfont!
Missing character: There is no n in font nullfont!
Missing character: There is no M in font nullfont!
Missing character: There is no a in font nullfont!
Missing character: There is no n in font nullfont!
Missing character: There is no a in font nullfont!
Missing character: There is no g in font nullfont!
Missing character: There is no e in font nullfont!
Missing character: There is no m in font nullfont!
Missing character: There is no e in font nullfont!
Missing character: There is no n in font nullfont!
Missing character: There is no t in font nullfont!
Missing character: There is no S in font nullfont!
Missing character: There is no u in font nullfont!
Missing character: There is no b in font nullfont!
Missing character: There is no - in font nullfont!
Missing character: There is no S in font nullfont!
Missing character: There is no y in font nullfont!
Missing character: There is no s in font nullfont!
Missing character: There is no t in font nullfont!
Missing character: There is no e in font nullfont!
Missing character: There is no m in font nullfont!
Missing character: There is no ï¼Œ in font nullfont!
Missing character: There is no S in font nullfont!
Missing character: There is no M in font nullfont!
Missing character: There is no I in font nullfont!
Missing character: There is no M in font nullfont!
Missing character: There is no S in font nullfont!
Missing character: There is no S in font nullfont!
Missing character: There is no ï¼‰ in font nullfont!
Missing character: There is no ã€ in font nullfont!
Missing character: There is no å•† in font nullfont!
Missing character: There is no å®¶ in font nullfont!
Missing character: There is no ç§» in font nullfont!
Missing character: There is no å‹• in font nullfont!
Missing character: There is no è£ in font nullfont!
Missing character: There is no ç½® in font nullfont!
Missing character: There is no æ”¶ in font nullfont!
Missing character: There is no æ¬¾ in font nullfont!
Missing character: There is no åŠ in font nullfont!
Missing character: There is no äº¤ in font nullfont!
Missing character: There is no æ˜“ in font nullfont!
Missing character: There is no å­ in font nullfont!
Missing character: There is no ç³» in font nullfont!
Missing character: There is no çµ± in font nullfont!
Missing character: There is no ï¼ˆ in font nullfont!
Missing character: There is no S in font nullfont!
Missing character: There is no t in font nullfont!
Missing character: There is no o in font nullfont!
Missing character: There is no r in font nullfont!
Missing character: There is no e in font nullfont!
Missing character: There is no M in font nullfont!
Missing character: There is no o in font nullfont!
Missing character: There is no b in font nullfont!
Missing character: There is no i in font nullfont!
Missing character: There is no l in font nullfont!
Missing character: There is no e in font nullfont!
Missing character: There is no p in font nullfont!
Missing character: There is no a in font nullfont!
Missing character: There is no y in font nullfont!
Missing character: There is no m in font nullfont!
Missing character: There is no e in font nullfont!
Missing character: There is no n in font nullfont!
Missing character: There is no t in font nullfont!
Missing character: There is no C in font nullfont!
Missing character: There is no o in font nullfont!
Missing character: There is no l in font nullfont!
Missing character: There is no l in font nullfont!
Missing character: There is no e in font nullfont!
Missing character: There is no c in font nullfont!
Missing character: There is no t in font nullfont!
Missing character: There is no i in font nullfont!
Missing character: There is no o in font nullfont!
Missing character: There is no n in font nullfont!
Missing character: There is no a in font nullfont!
Missing character: There is no n in font nullfont!
Missing character: There is no d in font nullfont!
Missing character: There is no T in font nullfont!
Missing character: There is no r in font nullfont!
Missing character: There is no a in font nullfont!
Missing character: There is no n in font nullfont!
Missing character: There is no s in font nullfont!
Missing character: There is no a in font nullfont!
Missing character: There is no c in font nullfont!
Missing character: There is no t in font nullfont!
Missing character: There is no i in font nullfont!
Missing character: There is no o in font nullfont!
Missing character: There is no n in font nullfont!
Missing character: There is no ã€ in font nullfont!
Missing character: There is no S in font nullfont!
Missing character: There is no u in font nullfont!
Missing character: There is no b in font nullfont!
Missing character: There is no - in font nullfont!
Missing character: There is no S in font nullfont!
Missing character: There is no y in font nullfont!
Missing character: There is no s in font nullfont!
Missing character: There is no t in font nullfont!
Missing character: There is no e in font nullfont!
Missing character: There is no m in font nullfont!
Missing character: There is no ï¼Œ in font nullfont!
Missing character: There is no S in font nullfont!
Missing character: There is no M in font nullfont!
Missing character: There is no C in font nullfont!
Missing character: There is no T in font nullfont!
Missing character: There is no S in font nullfont!
Missing character: There is no S in font nullfont!
Missing character: There is no ï¼‰ in font nullfont!
Missing character: There is no ã€ in font nullfont!
Missing character: There is no å®¢ in font nullfont!
Missing character: There is no æˆ¶ in font nullfont!
Missing character: There is no ç«¯ in font nullfont!
Missing character: There is no ç§» in font nullfont!
Missing character: There is no å‹• in font nullfont!
Missing character: There is no æ”¯ in font nullfont!
Missing character: There is no ä»˜ in font nullfont!
Missing character: There is no å’Œ in font nullfont!
Missing character: There is no äº¤ in font nullfont!
Missing character: There is no æ˜“ in font nullfont!
Missing character: There is no å­ in font nullfont!
Missing character: There is no ç³» in font nullfont!
Missing character: There is no çµ± in font nullfont!
Missing character: There is no ï¼ˆ in font nullfont!
Missing character: There is no C in font nullfont!
Missing character: There is no l in font nullfont!
Missing character: There is no i in font nullfont!
Missing character: There is no e in font nullfont!
Missing character: There is no n in font nullfont!
Missing character: There is no t in font nullfont!
Missing character: There is no M in font nullfont!
Missing character: There is no o in font nullfont!
Missing character: There is no b in font nullfont!
Missing character: There is no i in font nullfont!
Missing character: There is no l in font nullfont!
Missing character: There is no e in font nullfont!
Missing character: There is no P in font nullfont!
Missing character: There is no a in font nullfont!
Missing character: There is no y in font nullfont!
Missing character: There is no m in font nullfont!
Missing character: There is no e in font nullfont!
Missing character: There is no n in font nullfont!
Missing character: There is no t in font nullfont!
Missing character: There is no a in font nullfont!
Missing character: There is no n in font nullfont!
Missing character: There is no d in font nullfont!
Missing character: There is no T in font nullfont!
Missing character: There is no r in font nullfont!
Missing character: There is no a in font nullfont!
Missing character: There is no n in font nullfont!
Missing character: There is no s in font nullfont!
Missing character: There is no a in font nullfont!
Missing character: There is no c in font nullfont!
Missing character: There is no t in font nullfont!
Missing character: There is no i in font nullfont!
Missing character: There is no o in font nullfont!
Missing character: There is no n in font nullfont!
Missing character: There is no S in font nullfont!
Missing character: There is no u in font nullfont!
Missing character: There is no b in font nullfont!
Missing character: There is no - in font nullfont!
Missing character: There is no S in font nullfont!
Missing character: There is no y in font nullfont!
Missing character: There is no s in font nullfont!
Missing character: There is no t in font nullfont!
Missing character: There is no e in font nullfont!
Missing character: There is no m in font nullfont!
Missing character: There is no ï¼Œ in font nullfont!
Missing character: There is no C in font nullfont!
Missing character: There is no M in font nullfont!
Missing character: There is no P in font nullfont!
Missing character: There is no T in font nullfont!
Missing character: There is no S in font nullfont!
Missing character: There is no S in font nullfont!
Missing character: There is no ï¼‰ in font nullfont!
Missing character: There is no ï¼Œ in font nullfont!
Missing character: There is no æˆ‘ in font nullfont!
Missing character: There is no å€‘ in font nullfont!
Missing character: There is no å°‡ in font nullfont!
Missing character: There is no åœ¨ in font nullfont!
Missing character: There is no ç¨ in font nullfont!
Missing character: There is no å¾Œ in font nullfont!
Missing character: There is no æ in font nullfont!
Missing character: There is no è¿° in font nullfont!
Missing character: There is no é€™ in font nullfont!
Missing character: There is no äº› in font nullfont!
Missing character: There is no å­ in font nullfont!
Missing character: There is no ç³» in font nullfont!
Missing character: There is no çµ± in font nullfont!
Missing character: There is no ã€‚ in font nullfont!

Overfull \hbox (20.0pt too wide) in paragraph at lines 4--7
[]
 []

! Undefined control sequence.
l.8 ^^I\section
               {æ¯”ç‰¹å¹£äº¤æ˜“ç›£ç£ç³»çµ±æ•¸æ“šåº«è¨­è¨ˆ}
The control sequence at the end of the top line
of your error message was never \def'ed. If you have
misspelled it (e.g., `\hobx'), type `I' and the correct
spelling (e.g., `I\hbox'). Otherwise just continue,
and I'll forget about whatever was undefined.


! LaTeX Error: Missing \begin{document}.

See the LaTeX manual or LaTeX Companion for explanation.
Type  H <return>  for immediate help.
 ...                                              
                                                  
l.8 ^^I\section{æ¯”
                   ç‰¹å¹£äº¤æ˜“ç›£ç£ç³»çµ±æ•¸æ“šåº«è¨­è¨ˆ}
You're in trouble here.  Try typing  <return>  to proceed.
If that doesn't work, type  X <return>  to quit.

Missing character: There is no æ¯” in font nullfont!
Missing character: There is no ç‰¹ in font nullfont!
Missing character: There is no å¹£ in font nullfont!
Missing character: There is no äº¤ in font nullfont!
Missing character: There is no æ˜“ in font nullfont!
Missing character: There is no ç›£ in font nullfont!
Missing character: There is no ç£ in font nullfont!
Missing character: There is no ç³» in font nullfont!
Missing character: There is no çµ± in font nullfont!
Missing character: There is no æ•¸ in font nullfont!
Missing character: There is no æ“š in font nullfont!
Missing character: There is no åº« in font nullfont!
Missing character: There is no è¨­ in font nullfont!
Missing character: There is no è¨ˆ in font nullfont!
Missing character: There is no åŸº in font nullfont!
Missing character: There is no æ–¼ in font nullfont!
Missing character: There is no å€ in font nullfont!
Missing character: There is no å¡Š in font nullfont!
Missing character: There is no éˆ in font nullfont!
Missing character: There is no çš„ in font nullfont!
Missing character: There is no æ”¯ in font nullfont!
Missing character: There is no ä»˜ in font nullfont!
Missing character: There is no æ”¶ in font nullfont!
Missing character: There is no æ¬¾ in font nullfont!
Missing character: There is no ç›£ in font nullfont!
Missing character: There is no ç£ in font nullfont!
Missing character: There is no ç³» in font nullfont!
Missing character: There is no çµ± in font nullfont!
Missing character: There is no æ‡‰ in font nullfont!
Missing character: There is no ç”¨ in font nullfont!
Missing character: There is no äº† in font nullfont!
Missing character: There is no å›› in font nullfont!
Missing character: There is no å€‹ in font nullfont!
Missing character: There is no é›² in font nullfont!
Missing character: There is no æ•¸ in font nullfont!
Missing character: There is no æ“š in font nullfont!
Missing character: There is no åº« in font nullfont!
Missing character: There is no ï¼Œ in font nullfont!
Missing character: There is no é€™ in font nullfont!
Missing character: There is no äº› in font nullfont!
Missing character: There is no æ•¸ in font nullfont!
Missing character: There is no æ“š in font nullfont!
Missing character: There is no åº« in font nullfont!
Missing character: There is no æ˜¯ in font nullfont!
Missing character: There is no å•† in font nullfont!
Missing character: There is no æ¥­ in font nullfont!
Missing character: There is no ä¿¡ in font nullfont!
Missing character: There is no æ¯ in font nullfont!
Missing character: There is no ï¼Œ in font nullfont!
Missing character: There is no å•† in font nullfont!
Missing character: There is no æ¥­ in font nullfont!
Missing character: There is no ç”¢ in font nullfont!
Missing character: There is no å“ in font nullfont!
Missing character: There is no ï¼Œ in font nullfont!
Missing character: There is no åº« in font nullfont!
Missing character: There is no å­˜ in font nullfont!
Missing character: There is no å’Œ in font nullfont!
Missing character: There is no äº¤ in font nullfont!
Missing character: There is no æ˜“ in font nullfont!
Missing character: There is no æ•¸ in font nullfont!
Missing character: There is no æ“š in font nullfont!
Missing character: There is no åº« in font nullfont!
Missing character: There is no ã€‚ in font nullfont!
Missing character: There is no é€™ in font nullfont!
Missing character: There is no äº› in font nullfont!
Missing character: There is no é›² in font nullfont!
Missing character: There is no æ•¸ in font nullfont!
Missing character: There is no æ“š in font nullfont!
Missing character: There is no åº« in font nullfont!
Missing character: There is no çš„ in font nullfont!
Missing character: There is no åŠŸ in font nullfont!
Missing character: There is no èƒ½ in font nullfont!
Missing character: There is no æ in font nullfont!
Missing character: There is no è¿° in font nullfont!
Missing character: There is no å¦‚ in font nullfont!
Missing character: There is no ä¸‹ in font nullfont!
Missing character: There is no ï¼š in font nullfont!

Overfull \hbox (20.0pt too wide) in paragraph at lines 8--10
[]
 []

! Undefined control sequence.
l.11 ^^I^^I\paragraph
                     {å•†æˆ¶æ•¸æ“šåº«}å­˜å„²æ­£åœ¨å¯©æ ¸ä¸­çš„ä¼æ¥­ä¿¡æ¯æˆ...
The control sequence at the end of the top line
of your error message was never \def'ed. If you have
misspelled it (e.g., `\hobx'), type `I' and the correct
spelling (e.g., `I\hbox'). Otherwise just continue,
and I'll forget about whatever was undefined.


! LaTeX Error: Missing \begin{document}.

See the LaTeX manual or LaTeX Companion for explanation.
Type  H <return>  for immediate help.
 ...                                              
                                                  
l.11 ^^I^^I\paragraph{å•†
                         æˆ¶æ•¸æ“šåº«}å­˜å„²æ­£åœ¨å¯©æ ¸ä¸­çš„ä¼æ¥­ä¿¡æ¯æˆ...

You're in trouble here.  Try typing  <return>  to proceed.
If that doesn't work, type  X <return>  to quit.

Missing character: There is no å•† in font nullfont!
Missing character: There is no æˆ¶ in font nullfont!
Missing character: There is no æ•¸ in font nullfont!
Missing character: There is no æ“š in font nullfont!
Missing character: There is no åº« in font nullfont!
Missing character: There is no å­˜ in font nullfont!
Missing character: There is no å„² in font nullfont!
Missing character: There is no æ­£ in font nullfont!
Missing character: There is no åœ¨ in font nullfont!
Missing character: There is no å¯© in font nullfont!
Missing character: There is no æ ¸ in font nullfont!
Missing character: There is no ä¸­ in font nullfont!
Missing character: There is no çš„ in font nullfont!
Missing character: There is no ä¼ in font nullfont!
Missing character: There is no æ¥­ in font nullfont!
Missing character: There is no ä¿¡ in font nullfont!
Missing character: There is no æ¯ in font nullfont!
Missing character: There is no æˆ– in font nullfont!
Missing character: There is no å·² in font nullfont!
Missing character: There is no ç¶“ in font nullfont!
Missing character: There is no é in font nullfont!
Missing character: There is no å¯© in font nullfont!
Missing character: There is no æ ¸ in font nullfont!
Missing character: There is no çš„ in font nullfont!
Missing character: There is no ä¼ in font nullfont!
Missing character: There is no æ¥­ in font nullfont!
Missing character: There is no ä¿¡ in font nullfont!
Missing character: There is no æ¯ in font nullfont!
Missing character: There is no ã€‚ in font nullfont!
Missing character: There is no å­˜ in font nullfont!
Missing character: There is no å„² in font nullfont!
Missing character: There is no çš„ in font nullfont!
Missing character: There is no ä¿¡ in font nullfont!
Missing character: There is no æ¯ in font nullfont!
Missing character: There is no åŒ… in font nullfont!
Missing character: There is no æ‹¬ in font nullfont!
Missing character: There is no å•† in font nullfont!
Missing character: There is no å®¶ in font nullfont!
Missing character: There is no I in font nullfont!
Missing character: There is no D in font nullfont!
Missing character: There is no ï¼Œ in font nullfont!
Missing character: There is no å•† in font nullfont!
Missing character: There is no æˆ¶ in font nullfont!
Missing character: There is no å in font nullfont!
Missing character: There is no ç¨± in font nullfont!
Missing character: There is no ï¼Œ in font nullfont!
Missing character: There is no å•† in font nullfont!
Missing character: There is no æˆ¶ in font nullfont!
Missing character: There is no ä½ in font nullfont!
Missing character: There is no ç½® in font nullfont!
Missing character: There is no ï¼Œ in font nullfont!
Missing character: There is no å•† in font nullfont!
Missing character: There is no æˆ¶ in font nullfont!
Missing character: There is no çš„ in font nullfont!
Missing character: There is no æ•¸ in font nullfont!
Missing character: There is no å­— in font nullfont!
Missing character: There is no è²¨ in font nullfont!
Missing character: There is no å¹£ in font nullfont!
Missing character: There is no åœ° in font nullfont!
Missing character: There is no å€ in font nullfont!
Missing character: There is no ä»¥ in font nullfont!
Missing character: There is no åŠ in font nullfont!
Missing character: There is no G in font nullfont!
Missing character: There is no P in font nullfont!
Missing character: There is no S in font nullfont!
Missing character: There is no å in font nullfont!
Missing character: There is no æ¨™ in font nullfont!
Missing character: There is no ã€‚ in font nullfont!
! Undefined control sequence.
l.12 ^^I^^I\paragraph
                     {ç”¢å“æ•¸æ“šåº«}åªæœ‰æˆæ¬Šç”¨æˆ¶æ‰èƒ½ç™»éŒ„æ·»åŠ æˆ...
The control sequence at the end of the top line
of your error message was never \def'ed. If you have
misspelled it (e.g., `\hobx'), type `I' and the correct
spelling (e.g., `I\hbox'). Otherwise just continue,
and I'll forget about whatever was undefined.

Missing character: There is no ç”¢ in font nullfont!
Missing character: There is no å“ in font nullfont!
Missing character: There is no æ•¸ in font nullfont!
Missing character: There is no æ“š in font nullfont!
Missing character: There is no åº« in font nullfont!
Missing character: There is no åª in font nullfont!
Missing character: There is no æœ‰ in font nullfont!
Missing character: There is no æˆ in font nullfont!
Missing character: There is no æ¬Š in font nullfont!
Missing character: There is no ç”¨ in font nullfont!
Missing character: There is no æˆ¶ in font nullfont!
Missing character: There is no æ‰ in font nullfont!
Missing character: There is no èƒ½ in font nullfont!
Missing character: There is no ç™» in font nullfont!
Missing character: There is no éŒ„ in font nullfont!
Missing character: There is no æ·» in font nullfont!
Missing character: There is no åŠ  in font nullfont!
Missing character: There is no æˆ– in font nullfont!
Missing character: There is no ä¿® in font nullfont!
Missing character: There is no æ”¹ in font nullfont!
Missing character: There is no äº¤ in font nullfont!
Missing character: There is no æ˜“ in font nullfont!
Missing character: There is no ç”¢ in font nullfont!
Missing character: There is no å“ in font nullfont!
Missing character: There is no ä¿¡ in font nullfont!
Missing character: There is no æ¯ in font nullfont!
Missing character: There is no ã€‚ in font nullfont!
Missing character: There is no ç”¢ in font nullfont!
Missing character: There is no å“ in font nullfont!
Missing character: There is no æ•¸ in font nullfont!
Missing character: There is no æ“š in font nullfont!
Missing character: There is no åº« in font nullfont!
Missing character: There is no å…§ in font nullfont!
Missing character: There is no å®¹ in font nullfont!
Missing character: There is no åŒ… in font nullfont!
Missing character: There is no æ‹¬ in font nullfont!
Missing character: There is no ç”¢ in font nullfont!
Missing character: There is no å“ in font nullfont!
Missing character: There is no æ¨™ in font nullfont!
Missing character: There is no è­˜ in font nullfont!
Missing character: There is no è™Ÿ in font nullfont!
Missing character: There is no ï¼Œ in font nullfont!
Missing character: There is no ç”¢ in font nullfont!
Missing character: There is no å“ in font nullfont!
Missing character: There is no å in font nullfont!
Missing character: There is no ç¨± in font nullfont!
Missing character: There is no ï¼Œ in font nullfont!
Missing character: There is no ç”¢ in font nullfont!
Missing character: There is no å“ in font nullfont!
Missing character: There is no èªª in font nullfont!
Missing character: There is no æ˜ in font nullfont!
Missing character: There is no ï¼Œ in font nullfont!
Missing character: There is no æ—¥ in font nullfont!
Missing character: There is no æœŸ in font nullfont!
Missing character: There is no å’Œ in font nullfont!
Missing character: There is no åƒ¹ in font nullfont!
Missing character: There is no æ ¼ in font nullfont!
Missing character: There is no ç­‰ in font nullfont!
Missing character: There is no ç›¸ in font nullfont!
Missing character: There is no é—œ in font nullfont!
Missing character: There is no ä¿¡ in font nullfont!
Missing character: There is no æ¯ in font nullfont!
Missing character: There is no ã€‚ in font nullfont!
! Undefined control sequence.
l.13 ^^I^^I\paragraph
                     {åº«å­˜æ•¸æ“šåº«}åŒ…æ‹¬ç”¢å“ç·¨è™Ÿï¼Œå•†æˆ¶ç·¨è™Ÿï¼Œç”...
The control sequence at the end of the top line
of your error message was never \def'ed. If you have
misspelled it (e.g., `\hobx'), type `I' and the correct
spelling (e.g., `I\hbox'). Otherwise just continue,
and I'll forget about whatever was undefined.

Missing character: There is no åº« in font nullfont!
Missing character: There is no å­˜ in font nullfont!
Missing character: There is no æ•¸ in font nullfont!
Missing character: There is no æ“š in font nullfont!
Missing character: There is no åº« in font nullfont!
Missing character: There is no åŒ… in font nullfont!
Missing character: There is no æ‹¬ in font nullfont!
Missing character: There is no ç”¢ in font nullfont!
Missing character: There is no å“ in font nullfont!
Missing character: There is no ç·¨ in font nullfont!
Missing character: There is no è™Ÿ in font nullfont!
Missing character: There is no ï¼Œ in font nullfont!
Missing character: There is no å•† in font nullfont!
Missing character: There is no æˆ¶ in font nullfont!
Missing character: There is no ç·¨ in font nullfont!
Missing character: There is no è™Ÿ in font nullfont!
Missing character: There is no ï¼Œ in font nullfont!
Missing character: There is no ç”¢ in font nullfont!
Missing character: There is no å“ in font nullfont!
Missing character: There is no åº« in font nullfont!
Missing character: There is no å­˜ in font nullfont!
Missing character: There is no é‡ in font nullfont!
Missing character: There is no ç­‰ in font nullfont!
Missing character: There is no ç›¸ in font nullfont!
Missing character: There is no é—œ in font nullfont!
Missing character: There is no ä¿¡ in font nullfont!
Missing character: There is no æ¯ in font nullfont!
Missing character: There is no ã€‚ in font nullfont!
! Undefined control sequence.
l.14 ^^I^^I\paragraph
                     {äº¤æ˜“æ•¸æ“šåº«}è¨˜éŒ„åŒ…æ‹¬äº¤æ˜“åºåˆ—è™Ÿï¼Œç”¢å“è­...
The control sequence at the end of the top line
of your error message was never \def'ed. If you have
misspelled it (e.g., `\hobx'), type `I' and the correct
spelling (e.g., `I\hbox'). Otherwise just continue,
and I'll forget about whatever was undefined.

Missing character: There is no äº¤ in font nullfont!
Missing character: There is no æ˜“ in font nullfont!
Missing character: There is no æ•¸ in font nullfont!
Missing character: There is no æ“š in font nullfont!
Missing character: There is no åº« in font nullfont!
Missing character: There is no è¨˜ in font nullfont!
Missing character: There is no éŒ„ in font nullfont!
Missing character: There is no åŒ… in font nullfont!
Missing character: There is no æ‹¬ in font nullfont!
Missing character: There is no äº¤ in font nullfont!
Missing character: There is no æ˜“ in font nullfont!
Missing character: There is no åº in font nullfont!
Missing character: There is no åˆ— in font nullfont!
Missing character: There is no è™Ÿ in font nullfont!
Missing character: There is no ï¼Œ in font nullfont!
Missing character: There is no ç”¢ in font nullfont!
Missing character: There is no å“ in font nullfont!
Missing character: There is no è­˜ in font nullfont!
Missing character: There is no åˆ¥ in font nullfont!
Missing character: There is no è™Ÿ in font nullfont!
Missing character: There is no ç¢¼ in font nullfont!
Missing character: There is no ï¼Œ in font nullfont!
Missing character: There is no ç”¢ in font nullfont!
Missing character: There is no å“ in font nullfont!
Missing character: There is no äº¤ in font nullfont!
Missing character: There is no æ˜“ in font nullfont!
Missing character: There is no é‡‘ in font nullfont!
Missing character: There is no é¡ in font nullfont!
Missing character: There is no ï¼Œ in font nullfont!
Missing character: There is no å•† in font nullfont!
Missing character: There is no æˆ¶ in font nullfont!
Missing character: There is no æ•¸ in font nullfont!
Missing character: There is no å­— in font nullfont!
Missing character: There is no è²¨ in font nullfont!
Missing character: There is no å¹£ in font nullfont!
Missing character: There is no æ”¶ in font nullfont!
Missing character: There is no æ¬¾ in font nullfont!
Missing character: There is no äºº in font nullfont!
Missing character: There is no åœ° in font nullfont!
Missing character: There is no å€ in font nullfont!
Missing character: There is no ï¼Œ in font nullfont!
Missing character: There is no æ¶ˆ in font nullfont!
Missing character: There is no è²» in font nullfont!
Missing character: There is no è€… in font nullfont!
Missing character: There is no æ•¸ in font nullfont!
Missing character: There is no å­— in font nullfont!
Missing character: There is no è²¨ in font nullfont!
Missing character: There is no å¹£ in font nullfont!
Missing character: There is no æ”¯ in font nullfont!
Missing character: There is no ä»˜ in font nullfont!
Missing character: There is no åœ° in font nullfont!
Missing character: There is no å€ in font nullfont!
Missing character: There is no ï¼Œ in font nullfont!
Missing character: There is no å•† in font nullfont!
Missing character: There is no æˆ¶ in font nullfont!
Missing character: There is no I in font nullfont!
Missing character: There is no D in font nullfont!
Missing character: There is no å’Œ in font nullfont!
Missing character: There is no æœ€ in font nullfont!
Missing character: There is no å¾Œ in font nullfont!
Missing character: There is no ç¢º in font nullfont!
Missing character: There is no èª in font nullfont!
Missing character: There is no å­— in font nullfont!
Missing character: There is no æ®µ in font nullfont!
Missing character: There is no çš„ in font nullfont!
Missing character: There is no å€¼ in font nullfont!
Missing character: There is no ã€‚ in font nullfont!

Overfull \hbox (20.0pt too wide) in paragraph at lines 11--15
[]
 []

! Undefined control sequence.
l.16 ^^I\section
                {å•†åº—å’Œå•†å“ä¿¡æ¯ç®¡ç†å­ç³»çµ±ï¼ˆSMIMSSï¼‰}
The control sequence at the end of the top line
of your error message was never \def'ed. If you have
misspelled it (e.g., `\hobx'), type `I' and the correct
spelling (e.g., `I\hbox'). Otherwise just continue,
and I'll forget about whatever was undefined.


! LaTeX Error: Missing \begin{document}.

See the LaTeX manual or LaTeX Companion for explanation.
Type  H <return>  for immediate help.
 ...                                              
                                                  
l.16 ^^I\section{å•†
                    åº—å’Œå•†å“ä¿¡æ¯ç®¡ç†å­ç³»çµ±ï¼ˆSMIMSSï¼‰}
You're in trouble here.  Try typing  <return>  to proceed.
If that doesn't work, type  X <return>  to quit.

Missing character: There is no å•† in font nullfont!
Missing character: There is no åº— in font nullfont!
Missing character: There is no å’Œ in font nullfont!
Missing character: There is no å•† in font nullfont!
Missing character: There is no å“ in font nullfont!
Missing character: There is no ä¿¡ in font nullfont!
Missing character: There is no æ¯ in font nullfont!
Missing character: There is no ç®¡ in font nullfont!
Missing character: There is no ç† in font nullfont!
Missing character: There is no å­ in font nullfont!
Missing character: There is no ç³» in font nullfont!
Missing character: There is no çµ± in font nullfont!
Missing character: There is no ï¼ˆ in font nullfont!
Missing character: There is no S in font nullfont!
Missing character: There is no M in font nullfont!
Missing character: There is no I in font nullfont!
Missing character: There is no M in font nullfont!
Missing character: There is no S in font nullfont!
Missing character: There is no S in font nullfont!
Missing character: There is no ï¼‰ in font nullfont!
Missing character: There is no åœ¨ in font nullfont!
Missing character: There is no æ in font nullfont!
Missing character: There is no å‡º in font nullfont!
Missing character: There is no çš„ in font nullfont!
Missing character: There is no åŸº in font nullfont!
Missing character: There is no æ–¼ in font nullfont!
Missing character: There is no å€ in font nullfont!
Missing character: There is no å¡Š in font nullfont!
Missing character: There is no éˆ in font nullfont!
Missing character: There is no çš„ in font nullfont!
Missing character: There is no æ”¯ in font nullfont!
Missing character: There is no ä»˜ in font nullfont!
Missing character: There is no æ”¶ in font nullfont!
Missing character: There is no æ¬¾ in font nullfont!
Missing character: There is no ç›£ in font nullfont!
Missing character: There is no ç£ in font nullfont!
Missing character: There is no ç³» in font nullfont!
Missing character: There is no çµ± in font nullfont!
Missing character: There is no æ¶ in font nullfont!
Missing character: There is no æ§‹ in font nullfont!
Missing character: There is no ä¸­ in font nullfont!
Missing character: There is no ï¼Œ in font nullfont!
Missing character: There is no å•† in font nullfont!
Missing character: There is no å®¶ in font nullfont!
Missing character: There is no éœ€ in font nullfont!
Missing character: There is no è¦ in font nullfont!
Missing character: There is no åœ¨ in font nullfont!
Missing character: There is no ä»¥ in font nullfont!
Missing character: There is no ä¸‹ in font nullfont!
Missing character: There is no 4 in font nullfont!
Missing character: There is no å€‹ in font nullfont!
Missing character: There is no æ­¥ in font nullfont!
Missing character: There is no é©Ÿ in font nullfont!
Missing character: There is no ä¸­ in font nullfont!
Missing character: There is no å° in font nullfont!
Missing character: There is no å•† in font nullfont!
Missing character: There is no åº— in font nullfont!
Missing character: There is no å’Œ in font nullfont!
Missing character: There is no å•† in font nullfont!
Missing character: There is no å“ in font nullfont!
Missing character: There is no ä¿¡ in font nullfont!
Missing character: There is no æ¯ in font nullfont!
Missing character: There is no ç®¡ in font nullfont!
Missing character: There is no ç† in font nullfont!
Missing character: There is no å­ in font nullfont!
Missing character: There is no ç³» in font nullfont!
Missing character: There is no çµ± in font nullfont!
Missing character: There is no ï¼ˆ in font nullfont!
Missing character: There is no S in font nullfont!
Missing character: There is no M in font nullfont!
Missing character: There is no I in font nullfont!
Missing character: There is no M in font nullfont!
Missing character: There is no S in font nullfont!
Missing character: There is no S in font nullfont!
Missing character: There is no ï¼‰ in font nullfont!
Missing character: There is no é€² in font nullfont!
Missing character: There is no è¡Œ in font nullfont!
Missing character: There is no è¨» in font nullfont!
Missing character: There is no å†Š in font nullfont!
Missing character: There is no : in font nullfont!
! Undefined control sequence.
l.18 ^^I^^I\paragraph
                     {ç¬¬ä¸€æ­¥}å•†æˆ¶å¿…é ˆåœ¨BPCSSè¨»å†Šä¸€å€‹å¸³æˆ¶ï¼Œä¸¦...
The control sequence at the end of the top line
of your error message was never \def'ed. If you have
misspelled it (e.g., `\hobx'), type `I' and the correct
spelling (e.g., `I\hbox'). Otherwise just continue,
and I'll forget about whatever was undefined.

Missing character: There is no ç¬¬ in font nullfont!
Missing character: There is no ä¸€ in font nullfont!
Missing character: There is no æ­¥ in font nullfont!
Missing character: There is no å•† in font nullfont!
Missing character: There is no æˆ¶ in font nullfont!
Missing character: There is no å¿… in font nullfont!
Missing character: There is no é ˆ in font nullfont!
Missing character: There is no åœ¨ in font nullfont!
Missing character: There is no B in font nullfont!
Missing character: There is no P in font nullfont!
Missing character: There is no C in font nullfont!
Missing character: There is no S in font nullfont!
Missing character: There is no S in font nullfont!
Missing character: There is no è¨» in font nullfont!
Missing character: There is no å†Š in font nullfont!
Missing character: There is no ä¸€ in font nullfont!
Missing character: There is no å€‹ in font nullfont!
Missing character: There is no å¸³ in font nullfont!
Missing character: There is no æˆ¶ in font nullfont!
Missing character: There is no ï¼Œ in font nullfont!
Missing character: There is no ä¸¦ in font nullfont!
Missing character: There is no é™„ in font nullfont!
Missing character: There is no æœ‰ in font nullfont!
Missing character: There is no æ”¿ in font nullfont!
Missing character: There is no åºœ in font nullfont!
Missing character: There is no æ³• in font nullfont!
Missing character: There is no è¦ in font nullfont!
Missing character: There is no çš„ in font nullfont!
Missing character: There is no å•† in font nullfont!
Missing character: There is no æ¥­ in font nullfont!
Missing character: There is no è­‰ in font nullfont!
Missing character: There is no æ˜ in font nullfont!
Missing character: There is no ã€‚ in font nullfont!
! Undefined control sequence.
l.19 ^^I^^I\paragraph
                     {ç¬¬äºŒæ­¥}åŸºæ–¼å€å¡Šéˆçš„æ”¯ä»˜æ”¶æ¬¾ç›£ç£ç³»çµ±å°...
The control sequence at the end of the top line
of your error message was never \def'ed. If you have
misspelled it (e.g., `\hobx'), type `I' and the correct
spelling (e.g., `I\hbox'). Otherwise just continue,
and I'll forget about whatever was undefined.

Missing character: There is no ç¬¬ in font nullfont!
Missing character: There is no äºŒ in font nullfont!
Missing character: There is no æ­¥ in font nullfont!
Missing character: There is no åŸº in font nullfont!
Missing character: There is no æ–¼ in font nullfont!
Missing character: There is no å€ in font nullfont!
Missing character: There is no å¡Š in font nullfont!
Missing character: There is no éˆ in font nullfont!
Missing character: There is no çš„ in font nullfont!
Missing character: There is no æ”¯ in font nullfont!
Missing character: There is no ä»˜ in font nullfont!
Missing character: There is no æ”¶ in font nullfont!
Missing character: There is no æ¬¾ in font nullfont!
Missing character: There is no ç›£ in font nullfont!
Missing character: There is no ç£ in font nullfont!
Missing character: There is no ç³» in font nullfont!
Missing character: There is no çµ± in font nullfont!
Missing character: There is no å°‡ in font nullfont!
Missing character: There is no è‡ª in font nullfont!
Missing character: There is no å‹• in font nullfont!
Missing character: There is no å‘ in font nullfont!
Missing character: There is no ç›¸ in font nullfont!
Missing character: There is no æ‡‰ in font nullfont!
Missing character: There is no çš„ in font nullfont!
Missing character: There is no æ”¿ in font nullfont!
Missing character: There is no åºœ in font nullfont!
Missing character: There is no é‡‘ in font nullfont!
Missing character: There is no è in font nullfont!
Missing character: There is no ç›£ in font nullfont!
Missing character: There is no ç®¡ in font nullfont!
Missing character: There is no æ©Ÿ in font nullfont!
Missing character: There is no æ§‹ in font nullfont!
Missing character: There is no æ in font nullfont!
Missing character: There is no äº¤ in font nullfont!
Missing character: There is no å•† in font nullfont!
Missing character: There is no æ¥­ in font nullfont!
Missing character: There is no ç”³ in font nullfont!
Missing character: There is no è«‹ in font nullfont!
Missing character: There is no ï¼Œ in font nullfont!
Missing character: There is no ä»¥ in font nullfont!
Missing character: There is no å¯© in font nullfont!
Missing character: There is no æŸ¥ in font nullfont!
Missing character: There is no è©² in font nullfont!
Missing character: There is no å•† in font nullfont!
Missing character: There is no åº— in font nullfont!
Missing character: There is no çš„ in font nullfont!
Missing character: There is no æ•¸ in font nullfont!
Missing character: There is no å­— in font nullfont!
Missing character: There is no è²¨ in font nullfont!
Missing character: There is no å¹£ in font nullfont!
Missing character: There is no äº¤ in font nullfont!
Missing character: There is no æ˜“ in font nullfont!
Missing character: There is no æ¥­ in font nullfont!
Missing character: There is no å‹™ in font nullfont!
Missing character: There is no ã€‚ in font nullfont!
! Undefined control sequence.
l.20 ^^I^^I\paragraph
                     {ç¬¬ä¸‰æ­¥}å¦‚æœæ”¿åºœæ‰¹å‡†å•†åº—çš„æ•¸å­—è²¨å¹£æ¥­å‹...
The control sequence at the end of the top line
of your error message was never \def'ed. If you have
misspelled it (e.g., `\hobx'), type `I' and the correct
spelling (e.g., `I\hbox'). Otherwise just continue,
and I'll forget about whatever was undefined.

Missing character: There is no ç¬¬ in font nullfont!
Missing character: There is no ä¸‰ in font nullfont!
Missing character: There is no æ­¥ in font nullfont!
Missing character: There is no å¦‚ in font nullfont!
Missing character: There is no æœ in font nullfont!
Missing character: There is no æ”¿ in font nullfont!
Missing character: There is no åºœ in font nullfont!
Missing character: There is no æ‰¹ in font nullfont!
Missing character: There is no å‡† in font nullfont!
Missing character: There is no å•† in font nullfont!
Missing character: There is no åº— in font nullfont!
Missing character: There is no çš„ in font nullfont!
Missing character: There is no æ•¸ in font nullfont!
Missing character: There is no å­— in font nullfont!
Missing character: There is no è²¨ in font nullfont!
Missing character: There is no å¹£ in font nullfont!
Missing character: There is no æ¥­ in font nullfont!
Missing character: There is no å‹™ in font nullfont!
Missing character: There is no ç”³ in font nullfont!
Missing character: There is no è«‹ in font nullfont!
Missing character: There is no ï¼Œ in font nullfont!
Missing character: There is no æœ in font nullfont!
Missing character: There is no å‹™ in font nullfont!
Missing character: There is no å™¨ in font nullfont!
Missing character: There is no å°‡ in font nullfont!
Missing character: There is no æ¿€ in font nullfont!
Missing character: There is no æ´» in font nullfont!
Missing character: There is no å•† in font nullfont!
Missing character: There is no å®¶ in font nullfont!
Missing character: There is no åœ¨ in font nullfont!
Missing character: There is no è©² in font nullfont!
Missing character: There is no æ”¶ in font nullfont!
Missing character: There is no é›† in font nullfont!
Missing character: There is no ç›£ in font nullfont!
Missing character: There is no æ§ in font nullfont!
Missing character: There is no ç³» in font nullfont!
Missing character: There is no çµ± in font nullfont!
Missing character: There is no ä¸­ in font nullfont!
Missing character: There is no å‰µ in font nullfont!
Missing character: There is no å»º in font nullfont!
Missing character: There is no çš„ in font nullfont!
Missing character: There is no å•† in font nullfont!
Missing character: There is no åº— in font nullfont!
Missing character: There is no å¸³ in font nullfont!
Missing character: There is no æˆ¶ in font nullfont!
Missing character: There is no ã€‚ in font nullfont!
! Undefined control sequence.
l.21 ^^I^^I\paragraph
                     {ç¬¬å››æ­¥}å•†å®¶å¯ä»¥è‡ªç”±åœ°ç™»éŒ„è³¬æˆ¶ä¸¦æ·»åŠ å•...
The control sequence at the end of the top line
of your error message was never \def'ed. If you have
misspelled it (e.g., `\hobx'), type `I' and the correct
spelling (e.g., `I\hbox'). Otherwise just continue,
and I'll forget about whatever was undefined.

Missing character: There is no ç¬¬ in font nullfont!
Missing character: There is no å›› in font nullfont!
Missing character: There is no æ­¥ in font nullfont!
Missing character: There is no å•† in font nullfont!
Missing character: There is no å®¶ in font nullfont!
Missing character: There is no å¯ in font nullfont!
Missing character: There is no ä»¥ in font nullfont!
Missing character: There is no è‡ª in font nullfont!
Missing character: There is no ç”± in font nullfont!
Missing character: There is no åœ° in font nullfont!
Missing character: There is no ç™» in font nullfont!
Missing character: There is no éŒ„ in font nullfont!
Missing character: There is no è³¬ in font nullfont!
Missing character: There is no æˆ¶ in font nullfont!
Missing character: There is no ä¸¦ in font nullfont!
Missing character: There is no æ·» in font nullfont!
Missing character: There is no åŠ  in font nullfont!
Missing character: There is no å•† in font nullfont!
Missing character: There is no å®¶ in font nullfont!
Missing character: There is no æƒ³ in font nullfont!
Missing character: There is no è¦ in font nullfont!
Missing character: There is no å‡º in font nullfont!
Missing character: There is no å”® in font nullfont!
Missing character: There is no çš„ in font nullfont!
Missing character: There is no ç”¢ in font nullfont!
Missing character: There is no å“ in font nullfont!
Missing character: There is no ï¼Œ in font nullfont!
Missing character: There is no ä¸¦ in font nullfont!
Missing character: There is no æª¢ in font nullfont!
Missing character: There is no æŸ¥ in font nullfont!
Missing character: There is no ä»– in font nullfont!
Missing character: There is no å€‘ in font nullfont!
Missing character: There is no çš„ in font nullfont!
Missing character: There is no æ•¸ in font nullfont!
Missing character: There is no å­— in font nullfont!
Missing character: There is no è²¨ in font nullfont!
Missing character: There is no å¹£ in font nullfont!
Missing character: There is no äº¤ in font nullfont!
Missing character: There is no æ˜“ in font nullfont!
Missing character: There is no æ•¸ in font nullfont!
Missing character: There is no æ“š in font nullfont!
Missing character: There is no ï¼Œ in font nullfont!
Missing character: There is no ä¾‹ in font nullfont!
Missing character: There is no å¦‚ in font nullfont!
Missing character: There is no ç”¢ in font nullfont!
Missing character: There is no å“ in font nullfont!
Missing character: There is no åº« in font nullfont!
Missing character: There is no å­˜ in font nullfont!
Missing character: There is no å’Œ in font nullfont!
Missing character: There is no ç”¢ in font nullfont!
Missing character: There is no å“ in font nullfont!
Missing character: There is no äº¤ in font nullfont!
Missing character: There is no æ˜“ in font nullfont!
Missing character: There is no è¨˜ in font nullfont!
Missing character: There is no éŒ„ in font nullfont!
Missing character: There is no ã€‚ in font nullfont!

Overfull \hbox (20.0pt too wide) in paragraph at lines 16--22
[]
 []


! LaTeX Error: Missing \begin{document}.

See the LaTeX manual or LaTeX Companion for explanation.
Type  H <return>  for immediate help.
 ...                                              
                                                  
l.24 ^^Iæ­¤
           å¤–ï¼Œæ•¸å­—è²¨å¹£äº¤æ˜“çš„å¯¦éš›BPCSSæ“ä½œæµç¨‹å¦‚ä¸Šåœ–4æ‰€ç¤...

You're in trouble here.  Try typing  <return>  to proceed.
If that doesn't work, type  X <return>  to quit.

Missing character: There is no æ­¤ in font nullfont!
Missing character: There is no å¤– in font nullfont!
Missing character: There is no ï¼Œ in font nullfont!
Missing character: There is no æ•¸ in font nullfont!
Missing character: There is no å­— in font nullfont!
Missing character: There is no è²¨ in font nullfont!
Missing character: There is no å¹£ in font nullfont!
Missing character: There is no äº¤ in font nullfont!
Missing character: There is no æ˜“ in font nullfont!
Missing character: There is no çš„ in font nullfont!
Missing character: There is no å¯¦ in font nullfont!
Missing character: There is no éš› in font nullfont!
Missing character: There is no B in font nullfont!
Missing character: There is no P in font nullfont!
Missing character: There is no C in font nullfont!
Missing character: There is no S in font nullfont!
Missing character: There is no S in font nullfont!
Missing character: There is no æ“ in font nullfont!
Missing character: There is no ä½œ in font nullfont!
Missing character: There is no æµ in font nullfont!
Missing character: There is no ç¨‹ in font nullfont!
Missing character: There is no å¦‚ in font nullfont!
Missing character: There is no ä¸Š in font nullfont!
Missing character: There is no åœ– in font nullfont!
Missing character: There is no 4 in font nullfont!
Missing character: There is no æ‰€ in font nullfont!
Missing character: There is no ç¤º in font nullfont!
Missing character: There is no ã€‚ in font nullfont!
Missing character: There is no é¦– in font nullfont!
Missing character: There is no å…ˆ in font nullfont!
Missing character: There is no ï¼Œ in font nullfont!
Missing character: There is no æˆ‘ in font nullfont!
Missing character: There is no å€‘ in font nullfont!
Missing character: There is no éœ€ in font nullfont!
Missing character: There is no è¦ in font nullfont!
Missing character: There is no é€£ in font nullfont!
Missing character: There is no æ¥ in font nullfont!
Missing character: There is no åˆ° in font nullfont!
Missing character: There is no å€ in font nullfont!
Missing character: There is no å¡Š in font nullfont!
Missing character: There is no éˆ in font nullfont!
Missing character: There is no ç€ in font nullfont!
Missing character: There is no è¦½ in font nullfont!
Missing character: There is no å™¨ in font nullfont!
Missing character: There is no [ in font nullfont!
Missing character: There is no 3 in font nullfont!
Missing character: There is no 0 in font nullfont!
Missing character: There is no ] in font nullfont!
Missing character: There is no ã€‚ in font nullfont!
Missing character: There is no å»º in font nullfont!
Missing character: There is no è­° in font nullfont!
Missing character: There is no çš„ in font nullfont!
Missing character: There is no B in font nullfont!
Missing character: There is no P in font nullfont!
Missing character: There is no C in font nullfont!
Missing character: There is no S in font nullfont!
Missing character: There is no S in font nullfont!
Missing character: There is no ç›£ in font nullfont!
Missing character: There is no æ§ in font nullfont!
Missing character: There is no ç³» in font nullfont!
Missing character: There is no çµ± in font nullfont!
Missing character: There is no å¯ in font nullfont!
Missing character: There is no ä»¥ in font nullfont!
Missing character: There is no æ‡‰ in font nullfont!
Missing character: There is no ç”¨ in font nullfont!
Missing character: There is no å€ in font nullfont!
Missing character: There is no å¡Š in font nullfont!
Missing character: There is no éˆ in font nullfont!
Missing character: There is no ç€ in font nullfont!
Missing character: There is no è¦½ in font nullfont!
Missing character: There is no å™¨ in font nullfont!
Missing character: There is no ä¾† in font nullfont!
Missing character: There is no å°‡ in font nullfont!
Missing character: There is no äº¤ in font nullfont!
Missing character: There is no æ˜“ in font nullfont!
Missing character: There is no æ´» in font nullfont!
Missing character: There is no å‹• in font nullfont!
Missing character: There is no èˆ‡ in font nullfont!
Missing character: There is no B in font nullfont!
Missing character: There is no P in font nullfont!
Missing character: There is no C in font nullfont!
Missing character: There is no S in font nullfont!
Missing character: There is no S in font nullfont!
Missing character: There is no ä¸­ in font nullfont!
Missing character: There is no è¨˜ in font nullfont!
Missing character: There is no éŒ„ in font nullfont!
Missing character: There is no çš„ in font nullfont!
Missing character: There is no äº¤ in font nullfont!
Missing character: There is no æ˜“ in font nullfont!
Missing character: There is no ç›¸ in font nullfont!
Missing character: There is no åŒ¹ in font nullfont!
Missing character: There is no é… in font nullfont!
Missing character: There is no ã€‚ in font nullfont!
Missing character: There is no é€™ in font nullfont!
Missing character: There is no æ¨£ in font nullfont!
Missing character: There is no çš„ in font nullfont!
Missing character: There is no è¨­ in font nullfont!
Missing character: There is no è¨ˆ in font nullfont!
Missing character: There is no å¯ in font nullfont!
Missing character: There is no ä»¥ in font nullfont!
Missing character: There is no å¹« in font nullfont!
Missing character: There is no åŠ© in font nullfont!
Missing character: There is no B in font nullfont!
Missing character: There is no P in font nullfont!
Missing character: There is no C in font nullfont!
Missing character: There is no S in font nullfont!
Missing character: There is no S in font nullfont!
Missing character: There is no åœ¨ in font nullfont!
Missing character: There is no æ•¸ in font nullfont!
Missing character: There is no å­— in font nullfont!
Missing character: There is no è²¨ in font nullfont!
Missing character: There is no å¹£ in font nullfont!
Missing character: There is no äº¤ in font nullfont!
Missing character: There is no æ˜“ in font nullfont!
Missing character: There is no ä¸­ in font nullfont!
Missing character: There is no å¯¦ in font nullfont!
Missing character: There is no ç¾ in font nullfont!
Missing character: There is no å³ in font nullfont!
Missing character: There is no æ™‚ in font nullfont!
Missing character: There is no æ€§ in font nullfont!
Missing character: There is no å’Œ in font nullfont!
Missing character: There is no æ­£ in font nullfont!
Missing character: There is no ç¢º in font nullfont!
Missing character: There is no æ€§ in font nullfont!
Missing character: There is no ã€‚ in font nullfont!
Missing character: There is no å¦‚ in font nullfont!
Missing character: There is no æœ in font nullfont!
Missing character: There is no ç›´ in font nullfont!
Missing character: There is no æ¥ in font nullfont!
Missing character: There is no æ€§ in font nullfont!
Missing character: There is no å’Œ in font nullfont!
Missing character: There is no æ­£ in font nullfont!
Missing character: There is no ç¢º in font nullfont!
Missing character: There is no æ€§ in font nullfont!
Missing character: There is no åƒ… in font nullfont!
Missing character: There is no åƒ… in font nullfont!
Missing character: There is no æ˜¯ in font nullfont!
Missing character: There is no ä¾† in font nullfont!
Missing character: There is no è‡ª in font nullfont!
Missing character: There is no å€ in font nullfont!
Missing character: There is no å¡Š in font nullfont!
Missing character: There is no éˆ in font nullfont!
Missing character: There is no æ¢ in font nullfont!
Missing character: There is no ç´¢ in font nullfont!
Missing character: There is no è€… in font nullfont!
Missing character: There is no çš„ in font nullfont!
Missing character: There is no çµ in font nullfont!
Missing character: There is no æœ in font nullfont!
Missing character: There is no ï¼Œ in font nullfont!
Missing character: There is no æˆ‘ in font nullfont!
Missing character: There is no å€‘ in font nullfont!
Missing character: There is no å¯ in font nullfont!
Missing character: There is no ä»¥ in font nullfont!
Missing character: There is no ä½¿ in font nullfont!
Missing character: There is no ç”¨ in font nullfont!
Missing character: There is no å¤š in font nullfont!
Missing character: There is no å€‹ in font nullfont!
Missing character: There is no å€ in font nullfont!
Missing character: There is no å¡Š in font nullfont!
Missing character: There is no éˆ in font nullfont!
Missing character: There is no æ¢ in font nullfont!
Missing character: There is no ç´¢ in font nullfont!
Missing character: There is no è€… in font nullfont!
Missing character: There is no é€² in font nullfont!
Missing character: There is no è¡Œ in font nullfont!
Missing character: There is no äº¤ in font nullfont!
Missing character: There is no å‰ in font nullfont!
Missing character: There is no å¼• in font nullfont!
Missing character: There is no ç”¨ in font nullfont!
Missing character: There is no ï¼Œ in font nullfont!
Missing character: There is no ä»¥ in font nullfont!
Missing character: There is no é¿ in font nullfont!
Missing character: There is no å… in font nullfont!
Missing character: There is no å€ in font nullfont!
Missing character: There is no å¡Š in font nullfont!
Missing character: There is no éˆ in font nullfont!
Missing character: There is no æ¢ in font nullfont!
Missing character: There is no éšª in font nullfont!
Missing character: There is no å®¶ in font nullfont!
Missing character: There is no å…¬ in font nullfont!
Missing character: There is no å¸ in font nullfont!
Missing character: There is no çš„ in font nullfont!
Missing character: There is no éŒ¯ in font nullfont!
Missing character: There is no èª¤ in font nullfont!
Missing character: There is no å¸¶ in font nullfont!
Missing character: There is no ä¾† in font nullfont!
Missing character: There is no çš„ in font nullfont!
Missing character: There is no æ¥­ in font nullfont!
Missing character: There is no å‹™ in font nullfont!
Missing character: There is no å½± in font nullfont!
Missing character: There is no éŸ¿ in font nullfont!
Missing character: There is no ã€‚ in font nullfont!
Missing character: There is no ä½¿ in font nullfont!
Missing character: There is no ç”¨ in font nullfont!
Missing character: There is no å€ in font nullfont!
Missing character: There is no å¡Š in font nullfont!
Missing character: There is no éˆ in font nullfont!
Missing character: There is no æ¢ in font nullfont!
Missing character: There is no ç´¢ in font nullfont!
Missing character: There is no è€… in font nullfont!
Missing character: There is no çš„ in font nullfont!
Missing character: There is no ç›® in font nullfont!
Missing character: There is no çš„ in font nullfont!
Missing character: There is no æ˜¯ in font nullfont!
Missing character: There is no å¿« in font nullfont!
Missing character: There is no é€Ÿ in font nullfont!
Missing character: There is no æº– in font nullfont!
Missing character: There is no ç¢º in font nullfont!
Missing character: There is no åœ° in font nullfont!
Missing character: There is no å®Œ in font nullfont!
Missing character: There is no æˆ in font nullfont!
Missing character: There is no äº¤ in font nullfont!
Missing character: There is no æ˜“ in font nullfont!
Missing character: There is no ã€‚ in font nullfont!
Missing character: There is no é€™ in font nullfont!
Missing character: There is no æ˜¯ in font nullfont!
Missing character: There is no ä½¿ in font nullfont!
Missing character: There is no æ•´ in font nullfont!
Missing character: There is no å€‹ in font nullfont!
Missing character: There is no äº¤ in font nullfont!
Missing character: There is no æ˜“ in font nullfont!
Missing character: There is no å¾ in font nullfont!
Missing character: There is no ç™¼ in font nullfont!
Missing character: There is no è¡Œ in font nullfont!
Missing character: There is no åˆ° in font nullfont!
Missing character: There is no å®Œ in font nullfont!
Missing character: There is no æˆ in font nullfont!
Missing character: There is no çš„ in font nullfont!
Missing character: There is no ä¸» in font nullfont!
Missing character: There is no è¦ in font nullfont!
Missing character: There is no æ­¥ in font nullfont!
Missing character: There is no é©Ÿ in font nullfont!
Missing character: There is no ä¹‹ in font nullfont!
Missing character: There is no ä¸€ in font nullfont!
Missing character: There is no ã€‚ in font nullfont!
Missing character: There is no å¦‚ in font nullfont!
Missing character: There is no åœ– in font nullfont!
Missing character: There is no 4 in font nullfont!
Missing character: There is no æ‰€ in font nullfont!
Missing character: There is no ç¤º in font nullfont!
Missing character: There is no ï¼Œ in font nullfont!
Missing character: There is no åœ¨ in font nullfont!
Missing character: There is no B in font nullfont!
Missing character: There is no P in font nullfont!
Missing character: There is no C in font nullfont!
Missing character: There is no S in font nullfont!
Missing character: There is no S in font nullfont!
Missing character: There is no ä¸­ in font nullfont!
Missing character: There is no å‰µ in font nullfont!
Missing character: There is no å»º in font nullfont!
Missing character: There is no äº‹ in font nullfont!
Missing character: There is no å‹™ in font nullfont!
Missing character: There is no çš„ in font nullfont!
Missing character: There is no æ­¥ in font nullfont!
Missing character: There is no é©Ÿ in font nullfont!
Missing character: There is no æ in font nullfont!
Missing character: There is no è¿° in font nullfont!
Missing character: There is no å¦‚ in font nullfont!
Missing character: There is no ä¸‹ in font nullfont!
Missing character: There is no ï¼š in font nullfont!

Overfull \hbox (20.0pt too wide) in paragraph at lines 24--26
[]
 []

)
! Emergency stop.
<*> chap4.tex
             
*** (job aborted, no legal \end found)

 
Here is how much of TeX's memory you used:
 4 strings out of 493005
 34 string characters out of 6134596
 61634 words of memory out of 5000000
 4077 multiletter control sequences out of 15000+600000
 3640 words of font info for 14 fonts, out of 8000000 for 9000
 1348 hyphenation exceptions out of 8191
 5i,0n,4p,383b,16s stack positions out of 5000i,500n,10000p,200000b,80000s
No pages of output.
