This is XeTeX, Version 3.14159265-2.6-0.99998 (TeX Live 2017) (preloaded format=xelatex 2018.1.26)  14 FEB 2018 20:57
entering extended mode
 restricted \write18 enabled.
 %&-line parsing enabled.
**conclusion.tex
(./conclusion.tex
LaTeX2e <2017-04-15>
Babel <3.10> and hyphenation patterns for 84 language(s) loaded.
! Undefined control sequence.
l.4 \specialchap
                {ç»“è®º}
The control sequence at the end of the top line
of your error message was never \def'ed. If you have
misspelled it (e.g., `\hobx'), type `I' and the correct
spelling (e.g., `I\hbox'). Otherwise just continue,
and I'll forget about whatever was undefined.


! LaTeX Error: Missing \begin{document}.

See the LaTeX manual or LaTeX Companion for explanation.
Type  H <return>  for immediate help.
 ...                                              
                                                  
l.4 \specialchap{ç»“
                    è®º}
You're in trouble here.  Try typing  <return>  to proceed.
If that doesn't work, type  X <return>  to quit.

Missing character: There is no ç»“ in font nullfont!
Missing character: There is no è®º in font nullfont!
Missing character: There is no åœ¨ in font nullfont!
Missing character: There is no æœ¬ in font nullfont!
Missing character: There is no æ–‡ in font nullfont!
Missing character: There is no ä¸­ in font nullfont!
Missing character: There is no ï¼Œ in font nullfont!
Missing character: There is no æˆ‘ in font nullfont!
Missing character: There is no å€‘ in font nullfont!
Missing character: There is no å»º in font nullfont!
Missing character: There is no è­° in font nullfont!
Missing character: There is no ä¸¦ in font nullfont!
Missing character: There is no å¯¦ in font nullfont!
Missing character: There is no æ–½ in font nullfont!
Missing character: There is no ä¸€ in font nullfont!
Missing character: There is no å€‹ in font nullfont!
Missing character: There is no å in font nullfont!
Missing character: There is no ç‚º in font nullfont!
Missing character: There is no B in font nullfont!
Missing character: There is no P in font nullfont!
Missing character: There is no C in font nullfont!
Missing character: There is no S in font nullfont!
Missing character: There is no S in font nullfont!
Missing character: There is no çš„ in font nullfont!
Missing character: There is no åŸº in font nullfont!
Missing character: There is no æ–¼ in font nullfont!
Missing character: There is no å€ in font nullfont!
Missing character: There is no å¡Š in font nullfont!
Missing character: There is no éˆ in font nullfont!
Missing character: There is no çš„ in font nullfont!
Missing character: There is no æ”¯ in font nullfont!
Missing character: There is no ä»˜ in font nullfont!
Missing character: There is no æ”¶ in font nullfont!
Missing character: There is no æ¬¾ in font nullfont!
Missing character: There is no ç›£ in font nullfont!
Missing character: There is no ç£ in font nullfont!
Missing character: There is no ç³» in font nullfont!
Missing character: There is no çµ± in font nullfont!
Missing character: There is no ï¼Œ in font nullfont!
Missing character: There is no ä¸ in font nullfont!
Missing character: There is no åƒ… in font nullfont!
Missing character: There is no ç‚º in font nullfont!
Missing character: There is no åˆ† in font nullfont!
Missing character: There is no åˆ¥ in font nullfont!
Missing character: There is no èŠ± in font nullfont!
Missing character: There is no éŒ¢ in font nullfont!
Missing character: There is no å’Œ in font nullfont!
Missing character: There is no è³º in font nullfont!
Missing character: There is no å– in font nullfont!
Missing character: There is no æ•¸ in font nullfont!
Missing character: There is no å­— in font nullfont!
Missing character: There is no è²¨ in font nullfont!
Missing character: There is no å¹£ in font nullfont!
Missing character: There is no çš„ in font nullfont!
Missing character: There is no å®¢ in font nullfont!
Missing character: There is no æˆ¶ in font nullfont!
Missing character: There is no å’Œ in font nullfont!
Missing character: There is no å•† in font nullfont!
Missing character: There is no å®¶ in font nullfont!
Missing character: There is no ï¼Œ in font nullfont!
Missing character: There is no è€Œ in font nullfont!
Missing character: There is no ä¸” in font nullfont!
Missing character: There is no é‚„ in font nullfont!
Missing character: There is no ç‚º in font nullfont!
Missing character: There is no æ”¿ in font nullfont!
Missing character: There is no åºœ in font nullfont!
Missing character: There is no é‡‘ in font nullfont!
Missing character: There is no è in font nullfont!
Missing character: There is no ç›£ in font nullfont!
Missing character: There is no ç£ in font nullfont!
Missing character: There is no å–® in font nullfont!
Missing character: There is no ä½ in font nullfont!
Missing character: There is no å¯© in font nullfont!
Missing character: There is no è¨ˆ in font nullfont!
Missing character: There is no æ•¸ in font nullfont!
Missing character: There is no å­— in font nullfont!
Missing character: There is no è²¨ in font nullfont!
Missing character: There is no å¹£ in font nullfont!
Missing character: There is no äº¤ in font nullfont!
Missing character: There is no æ˜“ in font nullfont!
Missing character: There is no ï¼Œ in font nullfont!
Missing character: There is no ç„¶ in font nullfont!
Missing character: There is no å¾Œ in font nullfont!
Missing character: There is no å¹« in font nullfont!
Missing character: There is no åŠ© in font nullfont!
Missing character: There is no ç±Œ in font nullfont!
Missing character: There is no é›† in font nullfont!
Missing character: There is no ç¨… in font nullfont!
Missing character: There is no æ”¶ in font nullfont!
Missing character: There is no ã€‚ in font nullfont!
Missing character: There is no æ­¤ in font nullfont!
Missing character: There is no å¤– in font nullfont!
Missing character: There is no ï¼Œ in font nullfont!
Missing character: There is no æ•¸ in font nullfont!
Missing character: There is no å­— in font nullfont!
Missing character: There is no è²¨ in font nullfont!
Missing character: There is no å¹£ in font nullfont!
Missing character: There is no äº¤ in font nullfont!
Missing character: There is no æ˜“ in font nullfont!
Missing character: There is no å¯¦ in font nullfont!
Missing character: There is no é©— in font nullfont!
Missing character: There is no çš„ in font nullfont!
Missing character: There is no åˆ in font nullfont!
Missing character: There is no æ­¥ in font nullfont!
Missing character: There is no çµ in font nullfont!
Missing character: There is no æœ in font nullfont!
Missing character: There is no ï¼Œ in font nullfont!
Missing character: There is no ä½¿ in font nullfont!
Missing character: There is no ç”¨ in font nullfont!
Missing character: There is no è‘— in font nullfont!
Missing character: There is no å in font nullfont!
Missing character: There is no çš„ in font nullfont!
Missing character: There is no T in font nullfont!
Missing character: There is no e in font nullfont!
Missing character: There is no s in font nullfont!
Missing character: There is no t in font nullfont!
Missing character: There is no n in font nullfont!
Missing character: There is no e in font nullfont!
Missing character: There is no t in font nullfont!
Missing character: There is no æ¯” in font nullfont!
Missing character: There is no ç‰¹ in font nullfont!
Missing character: There is no å¹£ in font nullfont!
Missing character: There is no å’Œ in font nullfont!
Missing character: There is no é›² in font nullfont!
Missing character: There is no æ•¸ in font nullfont!
Missing character: There is no æ“š in font nullfont!
Missing character: There is no åº« in font nullfont!
Missing character: There is no ä»¥ in font nullfont!
Missing character: There is no åŠ in font nullfont!
Missing character: There is no æˆ‘ in font nullfont!
Missing character: There is no å€‘ in font nullfont!
Missing character: There is no å¯¦ in font nullfont!
Missing character: There is no ç¾ in font nullfont!
Missing character: There is no çš„ in font nullfont!
Missing character: There is no J in font nullfont!
Missing character: There is no a in font nullfont!
Missing character: There is no v in font nullfont!
Missing character: There is no a in font nullfont!
Missing character: There is no æ‡‰ in font nullfont!
Missing character: There is no ç”¨ in font nullfont!
Missing character: There is no ç¨‹ in font nullfont!
Missing character: There is no åº in font nullfont!
Missing character: There is no å’Œ in font nullfont!
Missing character: There is no A in font nullfont!
Missing character: There is no n in font nullfont!
Missing character: There is no d in font nullfont!
Missing character: There is no r in font nullfont!
Missing character: There is no o in font nullfont!
Missing character: There is no i in font nullfont!
Missing character: There is no d in font nullfont!
Missing character: There is no æ‡‰ in font nullfont!
Missing character: There is no ç”¨ in font nullfont!
Missing character: There is no ç¨‹ in font nullfont!
Missing character: There is no åº in font nullfont!
Missing character: There is no çš„ in font nullfont!
Missing character: There is no è‘— in font nullfont!
Missing character: There is no å in font nullfont!
Missing character: There is no æ™® in font nullfont!
Missing character: There is no åŠ in font nullfont!
Missing character: There is no æ•¸ in font nullfont!
Missing character: There is no å­— in font nullfont!
Missing character: There is no éŒ¢ in font nullfont!
Missing character: There is no åŒ… in font nullfont!
Missing character: There is no ï¼Œ in font nullfont!
Missing character: There is no è­‰ in font nullfont!
Missing character: There is no æ˜ in font nullfont!
Missing character: There is no äº† in font nullfont!
Missing character: There is no æ•¸ in font nullfont!
Missing character: There is no å­— in font nullfont!
Missing character: There is no è²¨ in font nullfont!
Missing character: There is no å¹£ in font nullfont!
Missing character: There is no äº¤ in font nullfont!
Missing character: There is no æ˜“ in font nullfont!
Missing character: There is no ä¸­ in font nullfont!
Missing character: There is no ä¿ in font nullfont!
Missing character: There is no ç•™ in font nullfont!
Missing character: There is no çš„ in font nullfont!
Missing character: There is no æˆ in font nullfont!
Missing character: There is no æœ¬ in font nullfont!
Missing character: There is no æ•ˆ in font nullfont!
Missing character: There is no ç›Š in font nullfont!
Missing character: There is no ä»¥ in font nullfont!
Missing character: There is no åŠ in font nullfont!
Missing character: There is no æ“¬ in font nullfont!
Missing character: There is no è­° in font nullfont!
Missing character: There is no çš„ in font nullfont!
Missing character: There is no ä»˜ in font nullfont!
Missing character: There is no æ¬¾ in font nullfont!
Missing character: There is no äºº in font nullfont!
Missing character: There is no å’Œ in font nullfont!
Missing character: There is no æ”¶ in font nullfont!
Missing character: There is no æ¬¾ in font nullfont!
Missing character: There is no äºº in font nullfont!
Missing character: There is no ä¹‹ in font nullfont!
Missing character: There is no é–“ in font nullfont!
Missing character: There is no çš„ in font nullfont!
Missing character: There is no ç›£ in font nullfont!
Missing character: There is no ç£ in font nullfont!
Missing character: There is no B in font nullfont!
Missing character: There is no P in font nullfont!
Missing character: There is no C in font nullfont!
Missing character: There is no S in font nullfont!
Missing character: There is no S in font nullfont!
Missing character: There is no ã€‚ in font nullfont!

Overfull \hbox (20.0pt too wide) in paragraph at lines 4--6
[]
 []

! Undefined control sequence.
l.7 ^^I\section
               {æå‡ºçš„BPCSSæ¶æ§‹é‚„åŒ…æ‹¬ä»¥ä¸‹ç‰¹è‰²}
The control sequence at the end of the top line
of your error message was never \def'ed. If you have
misspelled it (e.g., `\hobx'), type `I' and the correct
spelling (e.g., `I\hbox'). Otherwise just continue,
and I'll forget about whatever was undefined.


! LaTeX Error: Missing \begin{document}.

See the LaTeX manual or LaTeX Companion for explanation.
Type  H <return>  for immediate help.
 ...                                              
                                                  
l.7 ^^I\section{æ
                   å‡ºçš„BPCSSæ¶æ§‹é‚„åŒ…æ‹¬ä»¥ä¸‹ç‰¹è‰²}
You're in trouble here.  Try typing  <return>  to proceed.
If that doesn't work, type  X <return>  to quit.

Missing character: There is no æ in font nullfont!
Missing character: There is no å‡º in font nullfont!
Missing character: There is no çš„ in font nullfont!
Missing character: There is no B in font nullfont!
Missing character: There is no P in font nullfont!
Missing character: There is no C in font nullfont!
Missing character: There is no S in font nullfont!
Missing character: There is no S in font nullfont!
Missing character: There is no æ¶ in font nullfont!
Missing character: There is no æ§‹ in font nullfont!
Missing character: There is no é‚„ in font nullfont!
Missing character: There is no åŒ… in font nullfont!
Missing character: There is no æ‹¬ in font nullfont!
Missing character: There is no ä»¥ in font nullfont!
Missing character: There is no ä¸‹ in font nullfont!
Missing character: There is no ç‰¹ in font nullfont!
Missing character: There is no è‰² in font nullfont!

Overfull \hbox (20.0pt too wide) in paragraph at lines 7--8
[] 
 []

! Undefined control sequence.
l.9 ^^I^^I\paragraph
                    {ä¸€ã€}å‘å»ºè­°çš„BPCSSé€²è¡Œå•†æ¥­è¨»å†Šéœ€ç¶“æ”¿åºœæ...
The control sequence at the end of the top line
of your error message was never \def'ed. If you have
misspelled it (e.g., `\hobx'), type `I' and the correct
spelling (e.g., `I\hbox'). Otherwise just continue,
and I'll forget about whatever was undefined.


! LaTeX Error: Missing \begin{document}.

See the LaTeX manual or LaTeX Companion for explanation.
Type  H <return>  for immediate help.
 ...                                              
                                                  
l.9 ^^I^^I\paragraph{ä¸€
                        ã€}å‘å»ºè­°çš„BPCSSé€²è¡Œå•†æ¥­è¨»å†Šéœ€ç¶“æ”¿åºœæ...

You're in trouble here.  Try typing  <return>  to proceed.
If that doesn't work, type  X <return>  to quit.

Missing character: There is no ä¸€ in font nullfont!
Missing character: There is no ã€ in font nullfont!
Missing character: There is no å‘ in font nullfont!
Missing character: There is no å»º in font nullfont!
Missing character: There is no è­° in font nullfont!
Missing character: There is no çš„ in font nullfont!
Missing character: There is no B in font nullfont!
Missing character: There is no P in font nullfont!
Missing character: There is no C in font nullfont!
Missing character: There is no S in font nullfont!
Missing character: There is no S in font nullfont!
Missing character: There is no é€² in font nullfont!
Missing character: There is no è¡Œ in font nullfont!
Missing character: There is no å•† in font nullfont!
Missing character: There is no æ¥­ in font nullfont!
Missing character: There is no è¨» in font nullfont!
Missing character: There is no å†Š in font nullfont!
Missing character: There is no éœ€ in font nullfont!
Missing character: There is no ç¶“ in font nullfont!
Missing character: There is no æ”¿ in font nullfont!
Missing character: There is no åºœ in font nullfont!
Missing character: There is no æ‰¹ in font nullfont!
Missing character: There is no å‡† in font nullfont!
Missing character: There is no ã€‚ in font nullfont!
! Undefined control sequence.
l.10 ^^I^^I\paragraph
                     {äºŒã€}æ‰€æœ‰å‡ºå”®çš„å•†å“å°‡å—åˆ°æ”¿åºœå¯©æŸ¥ã€‚
The control sequence at the end of the top line
of your error message was never \def'ed. If you have
misspelled it (e.g., `\hobx'), type `I' and the correct
spelling (e.g., `I\hbox'). Otherwise just continue,
and I'll forget about whatever was undefined.

Missing character: There is no äºŒ in font nullfont!
Missing character: There is no ã€ in font nullfont!
Missing character: There is no æ‰€ in font nullfont!
Missing character: There is no æœ‰ in font nullfont!
Missing character: There is no å‡º in font nullfont!
Missing character: There is no å”® in font nullfont!
Missing character: There is no çš„ in font nullfont!
Missing character: There is no å•† in font nullfont!
Missing character: There is no å“ in font nullfont!
Missing character: There is no å°‡ in font nullfont!
Missing character: There is no å— in font nullfont!
Missing character: There is no åˆ° in font nullfont!
Missing character: There is no æ”¿ in font nullfont!
Missing character: There is no åºœ in font nullfont!
Missing character: There is no å¯© in font nullfont!
Missing character: There is no æŸ¥ in font nullfont!
Missing character: There is no ã€‚ in font nullfont!
! Undefined control sequence.
l.11 ^^I^^I\paragraph
                     {ä¸‰ã€}æ¶ˆè²»è€…ä»ç„¶åŒ¿åä»¥ç¢ºä¿å€‹äººä¿¡æ¯çš„éš...
The control sequence at the end of the top line
of your error message was never \def'ed. If you have
misspelled it (e.g., `\hobx'), type `I' and the correct
spelling (e.g., `I\hbox'). Otherwise just continue,
and I'll forget about whatever was undefined.

Missing character: There is no ä¸‰ in font nullfont!
Missing character: There is no ã€ in font nullfont!
Missing character: There is no æ¶ˆ in font nullfont!
Missing character: There is no è²» in font nullfont!
Missing character: There is no è€… in font nullfont!
Missing character: There is no ä» in font nullfont!
Missing character: There is no ç„¶ in font nullfont!
Missing character: There is no åŒ¿ in font nullfont!
Missing character: There is no å in font nullfont!
Missing character: There is no ä»¥ in font nullfont!
Missing character: There is no ç¢º in font nullfont!
Missing character: There is no ä¿ in font nullfont!
Missing character: There is no å€‹ in font nullfont!
Missing character: There is no äºº in font nullfont!
Missing character: There is no ä¿¡ in font nullfont!
Missing character: There is no æ¯ in font nullfont!
Missing character: There is no çš„ in font nullfont!
Missing character: There is no éš± in font nullfont!
Missing character: There is no ç§ in font nullfont!
Missing character: There is no ã€‚ in font nullfont!
! Undefined control sequence.
l.12 ^^I^^I\paragraph
                     {å››ã€}æ¶ˆè²»è€…çš„äº¤æ˜“è¨˜éŒ„ä¸èƒ½è¢«åˆªé™¤ã€‚
The control sequence at the end of the top line
of your error message was never \def'ed. If you have
misspelled it (e.g., `\hobx'), type `I' and the correct
spelling (e.g., `I\hbox'). Otherwise just continue,
and I'll forget about whatever was undefined.

Missing character: There is no å›› in font nullfont!
Missing character: There is no ã€ in font nullfont!
Missing character: There is no æ¶ˆ in font nullfont!
Missing character: There is no è²» in font nullfont!
Missing character: There is no è€… in font nullfont!
Missing character: There is no çš„ in font nullfont!
Missing character: There is no äº¤ in font nullfont!
Missing character: There is no æ˜“ in font nullfont!
Missing character: There is no è¨˜ in font nullfont!
Missing character: There is no éŒ„ in font nullfont!
Missing character: There is no ä¸ in font nullfont!
Missing character: There is no èƒ½ in font nullfont!
Missing character: There is no è¢« in font nullfont!
Missing character: There is no åˆª in font nullfont!
Missing character: There is no é™¤ in font nullfont!
Missing character: There is no ã€‚ in font nullfont!
! Undefined control sequence.
l.13 ^^I^^I\paragraph
                     {äº”ã€}å¦‚æœæ¶ˆè²»è€…æœ‰é—œäº¤æ˜“ä¸Šè¨´çš„å•é¡Œï¼Œä»...
The control sequence at the end of the top line
of your error message was never \def'ed. If you have
misspelled it (e.g., `\hobx'), type `I' and the correct
spelling (e.g., `I\hbox'). Otherwise just continue,
and I'll forget about whatever was undefined.

Missing character: There is no äº” in font nullfont!
Missing character: There is no ã€ in font nullfont!
Missing character: There is no å¦‚ in font nullfont!
Missing character: There is no æœ in font nullfont!
Missing character: There is no æ¶ˆ in font nullfont!
Missing character: There is no è²» in font nullfont!
Missing character: There is no è€… in font nullfont!
Missing character: There is no æœ‰ in font nullfont!
Missing character: There is no é—œ in font nullfont!
Missing character: There is no äº¤ in font nullfont!
Missing character: There is no æ˜“ in font nullfont!
Missing character: There is no ä¸Š in font nullfont!
Missing character: There is no è¨´ in font nullfont!
Missing character: There is no çš„ in font nullfont!
Missing character: There is no å• in font nullfont!
Missing character: There is no é¡Œ in font nullfont!
Missing character: There is no ï¼Œ in font nullfont!
Missing character: There is no ä»– in font nullfont!
Missing character: There is no å€‘ in font nullfont!
Missing character: There is no éœ€ in font nullfont!
Missing character: There is no è¦ in font nullfont!
Missing character: There is no æ in font nullfont!
Missing character: There is no äº¤ in font nullfont!
Missing character: There is no äº¤ in font nullfont!
Missing character: There is no æ˜“ in font nullfont!
Missing character: There is no ç™¼ in font nullfont!
Missing character: There is no ç¥¨ in font nullfont!
Missing character: There is no æˆ– in font nullfont!
Missing character: There is no è­‰ in font nullfont!
Missing character: There is no æ˜ in font nullfont!
Missing character: There is no ä»˜ in font nullfont!
Missing character: There is no æ¬¾ in font nullfont!
Missing character: There is no äºº in font nullfont!
Missing character: There is no æˆ– in font nullfont!
Missing character: There is no æ”¶ in font nullfont!
Missing character: There is no æ¬¾ in font nullfont!
Missing character: There is no äºº in font nullfont!
Missing character: There is no åœ° in font nullfont!
Missing character: There is no å€ in font nullfont!
Missing character: There is no çš„ in font nullfont!
Missing character: There is no è¨ª in font nullfont!
Missing character: There is no å• in font nullfont!
Missing character: There is no æ¬Š in font nullfont!
Missing character: There is no ã€‚ in font nullfont!
! Undefined control sequence.
l.14 ^^I^^I\paragraph
                     {å…­ã€}æ‰€æœ‰äº¤æ˜“è¨˜éŒ„å‡å…¬é–‹é€æ˜ã€‚
The control sequence at the end of the top line
of your error message was never \def'ed. If you have
misspelled it (e.g., `\hobx'), type `I' and the correct
spelling (e.g., `I\hbox'). Otherwise just continue,
and I'll forget about whatever was undefined.

Missing character: There is no å…­ in font nullfont!
Missing character: There is no ã€ in font nullfont!
Missing character: There is no æ‰€ in font nullfont!
Missing character: There is no æœ‰ in font nullfont!
Missing character: There is no äº¤ in font nullfont!
Missing character: There is no æ˜“ in font nullfont!
Missing character: There is no è¨˜ in font nullfont!
Missing character: There is no éŒ„ in font nullfont!
Missing character: There is no å‡ in font nullfont!
Missing character: There is no å…¬ in font nullfont!
Missing character: There is no é–‹ in font nullfont!
Missing character: There is no é€ in font nullfont!
Missing character: There is no æ˜ in font nullfont!
Missing character: There is no ã€‚ in font nullfont!
! Undefined control sequence.
l.15 ^^I^^I\paragraph
                     {ä¸ƒã€}åŸå§‹äº¤æ˜“æ•¸æ“šæ¡ç”¨å€å¡ŠéˆæŠ€è¡“è¨˜éŒ„ï¼...
The control sequence at the end of the top line
of your error message was never \def'ed. If you have
misspelled it (e.g., `\hobx'), type `I' and the correct
spelling (e.g., `I\hbox'). Otherwise just continue,
and I'll forget about whatever was undefined.

Missing character: There is no ä¸ƒ in font nullfont!
Missing character: There is no ã€ in font nullfont!
Missing character: There is no åŸ in font nullfont!
Missing character: There is no å§‹ in font nullfont!
Missing character: There is no äº¤ in font nullfont!
Missing character: There is no æ˜“ in font nullfont!
Missing character: There is no æ•¸ in font nullfont!
Missing character: There is no æ“š in font nullfont!
Missing character: There is no æ¡ in font nullfont!
Missing character: There is no ç”¨ in font nullfont!
Missing character: There is no å€ in font nullfont!
Missing character: There is no å¡Š in font nullfont!
Missing character: There is no éˆ in font nullfont!
Missing character: There is no æŠ€ in font nullfont!
Missing character: There is no è¡“ in font nullfont!
Missing character: There is no è¨˜ in font nullfont!
Missing character: There is no éŒ„ in font nullfont!
Missing character: There is no ï¼Œ in font nullfont!
Missing character: There is no å…· in font nullfont!
Missing character: There is no æœ‰ in font nullfont!
Missing character: There is no é«˜ in font nullfont!
Missing character: There is no åº¦ in font nullfont!
Missing character: There is no çš„ in font nullfont!
Missing character: There is no å¯ in font nullfont!
Missing character: There is no é  in font nullfont!
Missing character: There is no æ€§ in font nullfont!
Missing character: There is no ï¼Œ in font nullfont!
Missing character: There is no åˆ† in font nullfont!
Missing character: There is no æ•£ in font nullfont!
Missing character: There is no å’Œ in font nullfont!
Missing character: There is no æœª in font nullfont!
Missing character: There is no ç¯¡ in font nullfont!
Missing character: There is no æ”¹ in font nullfont!
Missing character: There is no çš„ in font nullfont!
Missing character: There is no æ•¸ in font nullfont!
Missing character: There is no æ“š in font nullfont!
Missing character: There is no ã€‚ in font nullfont!
! Undefined control sequence.
l.16 ^^I^^I\paragraph
                     {å…«ã€}æ”¿åºœå¯ä»¥æª¢æŸ¥å»ºè­°çš„BPCSSç³»çµ±çš„äº¤æ˜“...
The control sequence at the end of the top line
of your error message was never \def'ed. If you have
misspelled it (e.g., `\hobx'), type `I' and the correct
spelling (e.g., `I\hbox'). Otherwise just continue,
and I'll forget about whatever was undefined.

Missing character: There is no å…« in font nullfont!
Missing character: There is no ã€ in font nullfont!
Missing character: There is no æ”¿ in font nullfont!
Missing character: There is no åºœ in font nullfont!
Missing character: There is no å¯ in font nullfont!
Missing character: There is no ä»¥ in font nullfont!
Missing character: There is no æª¢ in font nullfont!
Missing character: There is no æŸ¥ in font nullfont!
Missing character: There is no å»º in font nullfont!
Missing character: There is no è­° in font nullfont!
Missing character: There is no çš„ in font nullfont!
Missing character: There is no B in font nullfont!
Missing character: There is no P in font nullfont!
Missing character: There is no C in font nullfont!
Missing character: There is no S in font nullfont!
Missing character: There is no S in font nullfont!
Missing character: There is no ç³» in font nullfont!
Missing character: There is no çµ± in font nullfont!
Missing character: There is no çš„ in font nullfont!
Missing character: There is no äº¤ in font nullfont!
Missing character: There is no æ˜“ in font nullfont!
Missing character: There is no è¨˜ in font nullfont!
Missing character: There is no éŒ„ in font nullfont!
Missing character: There is no ï¼Œ in font nullfont!
Missing character: There is no ä»¥ in font nullfont!
Missing character: There is no ç¶“ in font nullfont!
Missing character: There is no æ¿Ÿ in font nullfont!
Missing character: There is no æœ‰ in font nullfont!
Missing character: There is no æ•ˆ in font nullfont!
Missing character: There is no çš„ in font nullfont!
Missing character: There is no æ–¹ in font nullfont!
Missing character: There is no å¼ in font nullfont!
Missing character: There is no å¯© in font nullfont!
Missing character: There is no æŸ¥ in font nullfont!
Missing character: There is no ç¨… in font nullfont!
Missing character: There is no å‹™ in font nullfont!
Missing character: There is no ä¿¡ in font nullfont!
Missing character: There is no æ¯ in font nullfont!
Missing character: There is no ã€‚ in font nullfont!

Overfull \hbox (20.0pt too wide) in paragraph at lines 9--17
[]
 []

! Undefined control sequence.
l.18 ^^I\section
                {æè­°çš„BPCSSçš„å„ªé»ç¸½çµ}
The control sequence at the end of the top line
of your error message was never \def'ed. If you have
misspelled it (e.g., `\hobx'), type `I' and the correct
spelling (e.g., `I\hbox'). Otherwise just continue,
and I'll forget about whatever was undefined.


! LaTeX Error: Missing \begin{document}.

See the LaTeX manual or LaTeX Companion for explanation.
Type  H <return>  for immediate help.
 ...                                              
                                                  
l.18 ^^I\section{æ
                    è­°çš„BPCSSçš„å„ªé»ç¸½çµ}
You're in trouble here.  Try typing  <return>  to proceed.
If that doesn't work, type  X <return>  to quit.

Missing character: There is no æ in font nullfont!
Missing character: There is no è­° in font nullfont!
Missing character: There is no çš„ in font nullfont!
Missing character: There is no B in font nullfont!
Missing character: There is no P in font nullfont!
Missing character: There is no C in font nullfont!
Missing character: There is no S in font nullfont!
Missing character: There is no S in font nullfont!
Missing character: There is no çš„ in font nullfont!
Missing character: There is no å„ª in font nullfont!
Missing character: There is no é» in font nullfont!
Missing character: There is no ç¸½ in font nullfont!
Missing character: There is no çµ in font nullfont!

Overfull \hbox (20.0pt too wide) in paragraph at lines 18--19
[] 
 []

! Undefined control sequence.
l.20 ^^I^^I\paragraph
                     {å°æ¶ˆè²»è€…}äº¤æ˜“ä¿¡æ¯å…¬é–‹é€æ˜ï¼Œä¿è­·æ¶ˆè²»è€...
The control sequence at the end of the top line
of your error message was never \def'ed. If you have
misspelled it (e.g., `\hobx'), type `I' and the correct
spelling (e.g., `I\hbox'). Otherwise just continue,
and I'll forget about whatever was undefined.


! LaTeX Error: Missing \begin{document}.

See the LaTeX manual or LaTeX Companion for explanation.
Type  H <return>  for immediate help.
 ...                                              
                                                  
l.20 ^^I^^I\paragraph{å°
                         æ¶ˆè²»è€…}äº¤æ˜“ä¿¡æ¯å…¬é–‹é€æ˜ï¼Œä¿è­·æ¶ˆè²»è€...

You're in trouble here.  Try typing  <return>  to proceed.
If that doesn't work, type  X <return>  to quit.

Missing character: There is no å° in font nullfont!
Missing character: There is no æ¶ˆ in font nullfont!
Missing character: There is no è²» in font nullfont!
Missing character: There is no è€… in font nullfont!
Missing character: There is no äº¤ in font nullfont!
Missing character: There is no æ˜“ in font nullfont!
Missing character: There is no ä¿¡ in font nullfont!
Missing character: There is no æ¯ in font nullfont!
Missing character: There is no å…¬ in font nullfont!
Missing character: There is no é–‹ in font nullfont!
Missing character: There is no é€ in font nullfont!
Missing character: There is no æ˜ in font nullfont!
Missing character: There is no ï¼Œ in font nullfont!
Missing character: There is no ä¿ in font nullfont!
Missing character: There is no è­· in font nullfont!
Missing character: There is no æ¶ˆ in font nullfont!
Missing character: There is no è²» in font nullfont!
Missing character: There is no è€… in font nullfont!
Missing character: There is no çš„ in font nullfont!
Missing character: There is no æ¬Š in font nullfont!
Missing character: There is no ç›Š in font nullfont!
Missing character: There is no ã€‚ in font nullfont!
Missing character: There is no ç”± in font nullfont!
Missing character: There is no æ–¼ in font nullfont!
Missing character: There is no äº¤ in font nullfont!
Missing character: There is no æ˜“ in font nullfont!
Missing character: There is no æ˜¯ in font nullfont!
Missing character: There is no å¯ in font nullfont!
Missing character: There is no ä¿¡ in font nullfont!
Missing character: There is no çš„ in font nullfont!
Missing character: There is no ï¼Œ in font nullfont!
Missing character: There is no ä¸¦ in font nullfont!
Missing character: There is no æœ‰ in font nullfont!
Missing character: There is no æ˜ in font nullfont!
Missing character: There is no ç¢º in font nullfont!
Missing character: There is no çš„ in font nullfont!
Missing character: There is no æ™‚ in font nullfont!
Missing character: There is no é–“ in font nullfont!
Missing character: There is no æˆ³ in font nullfont!
Missing character: There is no ã€‚ in font nullfont!
Missing character: There is no ç•¶ in font nullfont!
Missing character: There is no æ¶ˆ in font nullfont!
Missing character: There is no è²» in font nullfont!
Missing character: There is no è€… in font nullfont!
Missing character: There is no éœ€ in font nullfont!
Missing character: There is no è¦ in font nullfont!
Missing character: There is no ä¸Š in font nullfont!
Missing character: There is no äº¤ in font nullfont!
Missing character: There is no ä»– in font nullfont!
Missing character: There is no å€‘ in font nullfont!
Missing character: There is no çš„ in font nullfont!
Missing character: There is no æ¶ˆ in font nullfont!
Missing character: There is no è²» in font nullfont!
Missing character: There is no è€… in font nullfont!
Missing character: There is no æ¬Š in font nullfont!
Missing character: There is no åˆ© in font nullfont!
Missing character: There is no æ™‚ in font nullfont!
Missing character: There is no ï¼Œ in font nullfont!
Missing character: There is no ä»– in font nullfont!
Missing character: There is no å€‘ in font nullfont!
Missing character: There is no å¯ in font nullfont!
Missing character: There is no ä»¥ in font nullfont!
Missing character: There is no å¾ in font nullfont!
Missing character: There is no æ in font nullfont!
Missing character: There is no å‡º in font nullfont!
Missing character: There is no çš„ in font nullfont!
Missing character: There is no ç³» in font nullfont!
Missing character: There is no çµ± in font nullfont!
Missing character: There is no ä¸­ in font nullfont!
Missing character: There is no ç² in font nullfont!
Missing character: There is no å¾— in font nullfont!
Missing character: There is no æ›´ in font nullfont!
Missing character: There is no æœ‰ in font nullfont!
Missing character: There is no æ•ˆ in font nullfont!
Missing character: There is no å’Œ in font nullfont!
Missing character: There is no å¯ in font nullfont!
Missing character: There is no ä¿¡ in font nullfont!
Missing character: There is no çš„ in font nullfont!
Missing character: There is no è­‰ in font nullfont!
Missing character: There is no æ“š in font nullfont!
Missing character: There is no ã€‚ in font nullfont!
! Undefined control sequence.
l.21 ^^I^^I\paragraph
                     {æ¥­å‹™}ä¼æ¥­å¯ä»¥æ ¹æ“šæ‰€æœ‰æ•¸å­—åŒ–äº¤æ˜“ä¿¡æ¯ç‚...
The control sequence at the end of the top line
of your error message was never \def'ed. If you have
misspelled it (e.g., `\hobx'), type `I' and the correct
spelling (e.g., `I\hbox'). Otherwise just continue,
and I'll forget about whatever was undefined.

Missing character: There is no æ¥­ in font nullfont!
Missing character: There is no å‹™ in font nullfont!
Missing character: There is no ä¼ in font nullfont!
Missing character: There is no æ¥­ in font nullfont!
Missing character: There is no å¯ in font nullfont!
Missing character: There is no ä»¥ in font nullfont!
Missing character: There is no æ ¹ in font nullfont!
Missing character: There is no æ“š in font nullfont!
Missing character: There is no æ‰€ in font nullfont!
Missing character: There is no æœ‰ in font nullfont!
Missing character: There is no æ•¸ in font nullfont!
Missing character: There is no å­— in font nullfont!
Missing character: There is no åŒ– in font nullfont!
Missing character: There is no äº¤ in font nullfont!
Missing character: There is no æ˜“ in font nullfont!
Missing character: There is no ä¿¡ in font nullfont!
Missing character: There is no æ¯ in font nullfont!
Missing character: There is no ç‚º in font nullfont!
Missing character: There is no è‡ª in font nullfont!
Missing character: There is no å·± in font nullfont!
Missing character: There is no çš„ in font nullfont!
Missing character: There is no æ¥­ in font nullfont!
Missing character: There is no å‹™ in font nullfont!
Missing character: There is no ç›® in font nullfont!
Missing character: There is no çš„ in font nullfont!
Missing character: There is no é€² in font nullfont!
Missing character: There is no è¡Œ in font nullfont!
Missing character: There is no çµ± in font nullfont!
Missing character: There is no è¨ˆ in font nullfont!
Missing character: There is no å’Œ in font nullfont!
Missing character: There is no è¨ˆ in font nullfont!
Missing character: There is no ç®— in font nullfont!
Missing character: There is no ã€‚ in font nullfont!
Missing character: There is no é€™ in font nullfont!
Missing character: There is no å¯ in font nullfont!
Missing character: There is no ä»¥ in font nullfont!
Missing character: There is no æ¸› in font nullfont!
Missing character: There is no å°‘ in font nullfont!
Missing character: There is no æ‰‹ in font nullfont!
Missing character: There is no å‹• in font nullfont!
Missing character: There is no æ“ in font nullfont!
Missing character: There is no ä½œ in font nullfont!
Missing character: There is no è¨ˆ in font nullfont!
Missing character: There is no ç®— in font nullfont!
Missing character: There is no çµ in font nullfont!
Missing character: There is no æœ in font nullfont!
Missing character: There is no ä¸­ in font nullfont!
Missing character: There is no çš„ in font nullfont!
Missing character: There is no éŒ¯ in font nullfont!
Missing character: There is no èª¤ in font nullfont!
Missing character: There is no ã€‚ in font nullfont!
Missing character: There is no çµ± in font nullfont!
Missing character: There is no è¨ˆ in font nullfont!
Missing character: There is no æ•¸ in font nullfont!
Missing character: There is no æ“š in font nullfont!
Missing character: There is no ç”š in font nullfont!
Missing character: There is no è‡³ in font nullfont!
Missing character: There is no å¯ in font nullfont!
Missing character: There is no ä»¥ in font nullfont!
Missing character: There is no èˆ‡ in font nullfont!
Missing character: There is no å•† in font nullfont!
Missing character: There is no åº— in font nullfont!
Missing character: There is no çš„ in font nullfont!
Missing character: There is no åº« in font nullfont!
Missing character: There is no å­˜ in font nullfont!
Missing character: There is no ç®¡ in font nullfont!
Missing character: There is no ç† in font nullfont!
Missing character: There is no ç›¸ in font nullfont!
Missing character: There is no çµ in font nullfont!
Missing character: There is no åˆ in font nullfont!
Missing character: There is no ï¼Œ in font nullfont!
Missing character: There is no ä½¿ in font nullfont!
Missing character: There is no è²¨ in font nullfont!
Missing character: There is no ç‰© in font nullfont!
Missing character: There is no å’Œ in font nullfont!
Missing character: There is no è³‡ in font nullfont!
Missing character: There is no é‡‘ in font nullfont!
Missing character: There is no é” in font nullfont!
Missing character: There is no åˆ° in font nullfont!
Missing character: There is no æ‰€ in font nullfont!
Missing character: There is no éœ€ in font nullfont!
Missing character: There is no çš„ in font nullfont!
Missing character: There is no é¤˜ in font nullfont!
Missing character: There is no é¡ in font nullfont!
Missing character: There is no ï¼Œ in font nullfont!
Missing character: There is no é€² in font nullfont!
Missing character: There is no ä¸€ in font nullfont!
Missing character: There is no æ­¥ in font nullfont!
Missing character: There is no æ”¹ in font nullfont!
Missing character: There is no å–„ in font nullfont!
Missing character: There is no æ¥­ in font nullfont!
Missing character: There is no å‹™ in font nullfont!
Missing character: There is no çš„ in font nullfont!
Missing character: There is no æœƒ in font nullfont!
Missing character: There is no è¨ˆ in font nullfont!
Missing character: There is no æº– in font nullfont!
Missing character: There is no ç¢º in font nullfont!
Missing character: There is no æ€§ in font nullfont!
Missing character: There is no å’Œ in font nullfont!
Missing character: There is no äºº in font nullfont!
Missing character: There is no å·¥ in font nullfont!
Missing character: There is no æˆ in font nullfont!
Missing character: There is no æœ¬ in font nullfont!
Missing character: There is no ã€‚ in font nullfont!
! Undefined control sequence.
l.22 ^^I^^I\paragraph
                     {æ”¿åºœ}ï¼šåœ¨è§£æ±ºäº¤æ˜“ç³¾ç´›çš„éç¨‹ä¸­ï¼Œå¯ä»¥æ...
The control sequence at the end of the top line
of your error message was never \def'ed. If you have
misspelled it (e.g., `\hobx'), type `I' and the correct
spelling (e.g., `I\hbox'). Otherwise just continue,
and I'll forget about whatever was undefined.

Missing character: There is no æ”¿ in font nullfont!
Missing character: There is no åºœ in font nullfont!
Missing character: There is no ï¼š in font nullfont!
Missing character: There is no åœ¨ in font nullfont!
Missing character: There is no è§£ in font nullfont!
Missing character: There is no æ±º in font nullfont!
Missing character: There is no äº¤ in font nullfont!
Missing character: There is no æ˜“ in font nullfont!
Missing character: There is no ç³¾ in font nullfont!
Missing character: There is no ç´› in font nullfont!
Missing character: There is no çš„ in font nullfont!
Missing character: There is no é in font nullfont!
Missing character: There is no ç¨‹ in font nullfont!
Missing character: There is no ä¸­ in font nullfont!
Missing character: There is no ï¼Œ in font nullfont!
Missing character: There is no å¯ in font nullfont!
Missing character: There is no ä»¥ in font nullfont!
Missing character: There is no æ in font nullfont!
Missing character: There is no ä¾› in font nullfont!
Missing character: There is no æ›´ in font nullfont!
Missing character: There is no å¤š in font nullfont!
Missing character: There is no å¯ in font nullfont!
Missing character: There is no ä¿¡ in font nullfont!
Missing character: There is no çš„ in font nullfont!
Missing character: There is no è­‰ in font nullfont!
Missing character: There is no æ“š in font nullfont!
Missing character: There is no ä¾› in font nullfont!
Missing character: There is no åƒ in font nullfont!
Missing character: There is no è€ƒ in font nullfont!
Missing character: There is no ã€‚ in font nullfont!
Missing character: There is no æ•¸ in font nullfont!
Missing character: There is no å­— in font nullfont!
Missing character: There is no äº¤ in font nullfont!
Missing character: There is no æ˜“ in font nullfont!
Missing character: There is no æ”¶ in font nullfont!
Missing character: There is no æ“š in font nullfont!
Missing character: There is no ä¹Ÿ in font nullfont!
Missing character: There is no å¯ in font nullfont!
Missing character: There is no ä»¥ in font nullfont!
Missing character: There is no è§£ in font nullfont!
Missing character: There is no æ±º in font nullfont!
Missing character: There is no å½ in font nullfont!
Missing character: There is no é€  in font nullfont!
Missing character: There is no æˆ– in font nullfont!
Missing character: There is no ä¸Ÿ in font nullfont!
Missing character: There is no å¤± in font nullfont!
Missing character: There is no ç´™ in font nullfont!
Missing character: There is no è³ª in font nullfont!
Missing character: There is no æ”¶ in font nullfont!
Missing character: There is no æ“š in font nullfont!
Missing character: There is no çš„ in font nullfont!
Missing character: There is no å• in font nullfont!
Missing character: There is no é¡Œ in font nullfont!
Missing character: There is no ã€‚ in font nullfont!
Missing character: There is no è€ƒ in font nullfont!
Missing character: There is no æ…® in font nullfont!
Missing character: There is no åˆ° in font nullfont!
Missing character: There is no ç¨… in font nullfont!
Missing character: There is no æ”¶ in font nullfont!
Missing character: There is no å• in font nullfont!
Missing character: There is no é¡Œ in font nullfont!
Missing character: There is no ï¼Œ in font nullfont!
Missing character: There is no æ”¿ in font nullfont!
Missing character: There is no åºœ in font nullfont!
Missing character: There is no å¯ in font nullfont!
Missing character: There is no ä»¥ in font nullfont!
Missing character: There is no å¯© in font nullfont!
Missing character: There is no æŸ¥ in font nullfont!
Missing character: There is no å…· in font nullfont!
Missing character: There is no æœ‰ in font nullfont!
Missing character: There is no é«˜ in font nullfont!
Missing character: There is no ä¿¡ in font nullfont!
Missing character: There is no è­½ in font nullfont!
Missing character: There is no çš„ in font nullfont!
Missing character: There is no å•† in font nullfont!
Missing character: There is no æ¥­ in font nullfont!
Missing character: There is no äº¤ in font nullfont!
Missing character: There is no æ˜“ in font nullfont!
Missing character: There is no ç´° in font nullfont!
Missing character: There is no ç¯€ in font nullfont!
Missing character: There is no ä½œ in font nullfont!
Missing character: There is no ç‚º in font nullfont!
Missing character: There is no ç¨… in font nullfont!
Missing character: There is no æ”¶ in font nullfont!
Missing character: There is no è¨ˆ in font nullfont!
Missing character: There is no ç®— in font nullfont!
Missing character: There is no ç¨‹ in font nullfont!
Missing character: There is no åº in font nullfont!
Missing character: There is no ï¼Œ in font nullfont!
Missing character: There is no ä»¥ in font nullfont!
Missing character: There is no æ‰¾ in font nullfont!
Missing character: There is no å‡º in font nullfont!
Missing character: There is no å¾ in font nullfont!
Missing character: There is no ç¨… in font nullfont!
Missing character: There is no æ¨™ in font nullfont!
Missing character: There is no æº– in font nullfont!
Missing character: There is no ï¼Œ in font nullfont!
Missing character: There is no æ¸› in font nullfont!
Missing character: There is no å°‘ in font nullfont!
Missing character: There is no è¨± in font nullfont!
Missing character: There is no å¤š in font nullfont!
Missing character: There is no ç¨… in font nullfont!
Missing character: There is no æ”¶ in font nullfont!
Missing character: There is no ç³¾ in font nullfont!
Missing character: There is no ç´› in font nullfont!
Missing character: There is no ã€‚ in font nullfont!

Overfull \hbox (20.0pt too wide) in paragraph at lines 20--23
[]
 []


! LaTeX Error: Missing \begin{document}.

See the LaTeX manual or LaTeX Companion for explanation.
Type  H <return>  for immediate help.
 ...                                              
                                                  
l.24 åœ¨
        ä¸ä¹…çš„å°‡ä¾†ï¼Œæˆ‘å€‘å°‡ç‚ºæ”¿åºœè²¡æ”¿ç›£ç£éƒ¨é–€æä¾›ç›£ç£è...

You're in trouble here.  Try typing  <return>  to proceed.
If that doesn't work, type  X <return>  to quit.

Missing character: There is no åœ¨ in font nullfont!
Missing character: There is no ä¸ in font nullfont!
Missing character: There is no ä¹… in font nullfont!
Missing character: There is no çš„ in font nullfont!
Missing character: There is no å°‡ in font nullfont!
Missing character: There is no ä¾† in font nullfont!
Missing character: There is no ï¼Œ in font nullfont!
Missing character: There is no æˆ‘ in font nullfont!
Missing character: There is no å€‘ in font nullfont!
Missing character: There is no å°‡ in font nullfont!
Missing character: There is no ç‚º in font nullfont!
Missing character: There is no æ”¿ in font nullfont!
Missing character: There is no åºœ in font nullfont!
Missing character: There is no è²¡ in font nullfont!
Missing character: There is no æ”¿ in font nullfont!
Missing character: There is no ç›£ in font nullfont!
Missing character: There is no ç£ in font nullfont!
Missing character: There is no éƒ¨ in font nullfont!
Missing character: There is no é–€ in font nullfont!
Missing character: There is no æ in font nullfont!
Missing character: There is no ä¾› in font nullfont!
Missing character: There is no ç›£ in font nullfont!
Missing character: There is no ç£ in font nullfont!
Missing character: There is no è· in font nullfont!
Missing character: There is no èƒ½ in font nullfont!
Missing character: There is no ã€‚ in font nullfont!
Missing character: There is no ç‰¹ in font nullfont!
Missing character: There is no åˆ¥ in font nullfont!
Missing character: There is no æ˜¯ in font nullfont!
Missing character: There is no ï¼Œ in font nullfont!
Missing character: There is no æˆ‘ in font nullfont!
Missing character: There is no å€‘ in font nullfont!
Missing character: There is no éœ€ in font nullfont!
Missing character: There is no è¦ in font nullfont!
Missing character: There is no è€ƒ in font nullfont!
Missing character: There is no æ…® in font nullfont!
Missing character: There is no ä¸€ in font nullfont!
Missing character: There is no ç¨® in font nullfont!
Missing character: There is no å…· in font nullfont!
Missing character: There is no æœ‰ in font nullfont!
Missing character: There is no æˆ in font nullfont!
Missing character: There is no æœ¬ in font nullfont!
Missing character: There is no æ•ˆ in font nullfont!
Missing character: There is no ç›Š in font nullfont!
Missing character: There is no çš„ in font nullfont!
Missing character: There is no æ–¹ in font nullfont!
Missing character: There is no å¼ in font nullfont!
Missing character: There is no ä¾† in font nullfont!
Missing character: There is no å¢ in font nullfont!
Missing character: There is no å¼· in font nullfont!
Missing character: There is no è¨ª in font nullfont!
Missing character: There is no å• in font nullfont!
Missing character: There is no å®¢ in font nullfont!
Missing character: There is no æˆ¶ in font nullfont!
Missing character: There is no ï¼Œ in font nullfont!
Missing character: There is no å•† in font nullfont!
Missing character: There is no åº— in font nullfont!
Missing character: There is no å’Œ in font nullfont!
Missing character: There is no é‡‘ in font nullfont!
Missing character: There is no è in font nullfont!
Missing character: There is no ç›£ in font nullfont!
Missing character: There is no ç®¡ in font nullfont!
Missing character: There is no éƒ¨ in font nullfont!
Missing character: There is no é–€ in font nullfont!
Missing character: There is no çš„ in font nullfont!
Missing character: There is no é›² in font nullfont!
Missing character: There is no æ•¸ in font nullfont!
Missing character: There is no æ“š in font nullfont!
Missing character: There is no åº« in font nullfont!
Missing character: There is no æ™‚ in font nullfont!
Missing character: There is no çš„ in font nullfont!
Missing character: There is no å®‰ in font nullfont!
Missing character: There is no å…¨ in font nullfont!
Missing character: There is no å’Œ in font nullfont!
Missing character: There is no éš± in font nullfont!
Missing character: There is no ç§ in font nullfont!
Missing character: There is no ä¿ in font nullfont!
Missing character: There is no è­· in font nullfont!
Missing character: There is no ã€‚ in font nullfont!

Overfull \hbox (20.0pt too wide) in paragraph at lines 24--25
[] 
 []

)
! Emergency stop.
<*> conclusion.tex
                  
*** (job aborted, no legal \end found)

 
Here is how much of TeX's memory you used:
 4 strings out of 493005
 54 string characters out of 6134596
 61634 words of memory out of 5000000
 4077 multiletter control sequences out of 15000+600000
 3640 words of font info for 14 fonts, out of 8000000 for 9000
 1348 hyphenation exceptions out of 8191
 5i,0n,4p,221b,16s stack positions out of 5000i,500n,10000p,200000b,80000s
No pages of output.
