This is XeTeX, Version 3.14159265-2.6-0.99998 (TeX Live 2017) (preloaded format=xelatex 2018.1.26)  12 FEB 2018 23:10
entering extended mode
 restricted \write18 enabled.
 %&-line parsing enabled.
**introduction.tex
(./introduction.tex
LaTeX2e <2017-04-15>
Babel <3.10> and hyphenation patterns for 84 language(s) loaded.
! Undefined control sequence.
l.4 \specialchap
                {åºè¨€}
The control sequence at the end of the top line
of your error message was never \def'ed. If you have
misspelled it (e.g., `\hobx'), type `I' and the correct
spelling (e.g., `I\hbox'). Otherwise just continue,
and I'll forget about whatever was undefined.


! LaTeX Error: Missing \begin{document}.

See the LaTeX manual or LaTeX Companion for explanation.
Type  H <return>  for immediate help.
 ...                                              
                                                  
l.4 \specialchap{åº
                    è¨€}
You're in trouble here.  Try typing  <return>  to proceed.
If that doesn't work, type  X <return>  to quit.

Missing character: There is no åº in font nullfont!
Missing character: There is no è¨€ in font nullfont!
Missing character: There is no ç¾ in font nullfont!
Missing character: There is no é‡‘ in font nullfont!
Missing character: There is no æ³• in font nullfont!
Missing character: There is no å®š in font nullfont!
Missing character: There is no è²¨ in font nullfont!
Missing character: There is no å¹£ in font nullfont!
Missing character: There is no ï¼Œ in font nullfont!
Missing character: There is no æ”¶ in font nullfont!
Missing character: There is no æ“š in font nullfont!
Missing character: There is no åŠ in font nullfont!
Missing character: There is no äº¤ in font nullfont!
Missing character: There is no æ˜“ in font nullfont!
Missing character: There is no æ•¸ in font nullfont!
Missing character: There is no æ“š in font nullfont!
Missing character: There is no åº« in font nullfont!
Missing character: There is no å­˜ in font nullfont!
Missing character: There is no åœ¨ in font nullfont!
Missing character: There is no è‘— in font nullfont!
Missing character: There is no ä¸€ in font nullfont!
Missing character: There is no äº› in font nullfont!
Missing character: There is no ç¼º in font nullfont!
Missing character: There is no é» in font nullfont!
Missing character: There is no ã€‚ in font nullfont!
Missing character: There is no å¦‚ in font nullfont!
Missing character: There is no ç¾ in font nullfont!
Missing character: There is no è²¨ in font nullfont!
Missing character: There is no å¹£ in font nullfont!
Missing character: There is no å¾ˆ in font nullfont!
Missing character: There is no é›£ in font nullfont!
Missing character: There is no æœ in font nullfont!
Missing character: There is no çµ• in font nullfont!
Missing character: There is no å‡ in font nullfont!
Missing character: There is no éˆ” in font nullfont!
Missing character: There is no çš„ in font nullfont!
Missing character: There is no æ©« in font nullfont!
Missing character: There is no è¡Œ in font nullfont!
Missing character: There is no ï¼Œ in font nullfont!
Missing character: There is no æ”¶ in font nullfont!
Missing character: There is no æ“š in font nullfont!
Missing character: There is no æœ‰ in font nullfont!
Missing character: There is no è‘— in font nullfont!
Missing character: There is no å½ in font nullfont!
Missing character: There is no é€  in font nullfont!
Missing character: There is no çš„ in font nullfont!
Missing character: There is no å¯ in font nullfont!
Missing character: There is no èƒ½ in font nullfont!
Missing character: There is no ï¼Œ in font nullfont!
Missing character: There is no åœ¨ in font nullfont!
Missing character: There is no äº¤ in font nullfont!
Missing character: There is no æ˜“ in font nullfont!
Missing character: There is no æ•¸ in font nullfont!
Missing character: There is no æ“š in font nullfont!
Missing character: There is no åº« in font nullfont!
Missing character: There is no ä¸­ in font nullfont!
Missing character: There is no è³‡ in font nullfont!
Missing character: There is no æ–™ in font nullfont!
Missing character: There is no ä¸ in font nullfont!
Missing character: There is no ä¸€ in font nullfont!
Missing character: There is no è‡´ in font nullfont!
Missing character: There is no ï¼Œ in font nullfont!
Missing character: There is no æ•¸ in font nullfont!
Missing character: There is no æ“š in font nullfont!
Missing character: There is no åº« in font nullfont!
Missing character: There is no è¢« in font nullfont!
Missing character: There is no D in font nullfont!
Missing character: There is no D in font nullfont!
Missing character: There is no O in font nullfont!
Missing character: There is no S in font nullfont!
Missing character: There is no æ”» in font nullfont!
Missing character: There is no æ“Š in font nullfont!
Missing character: There is no ï¼Œ in font nullfont!
Missing character: There is no äº¤ in font nullfont!
Missing character: There is no æ˜“ in font nullfont!
Missing character: There is no æ•¸ in font nullfont!
Missing character: There is no æ“š in font nullfont!
Missing character: There is no è¢« in font nullfont!
Missing character: There is no ç«„ in font nullfont!
Missing character: There is no æ”¹ in font nullfont!
Missing character: There is no ï¼Œ in font nullfont!
Missing character: There is no æ•¸ in font nullfont!
Missing character: There is no æ“š in font nullfont!
Missing character: There is no åº« in font nullfont!
Missing character: There is no æ in font nullfont!
Missing character: There is no æ¯€ in font nullfont!
Missing character: There is no ï¼Œ in font nullfont!
Missing character: There is no ä¹Ÿ in font nullfont!
Missing character: There is no éƒ½ in font nullfont!
Missing character: There is no æ˜¯ in font nullfont!
Missing character: There is no åœ¨ in font nullfont!
Missing character: There is no äº¤ in font nullfont!
Missing character: There is no æ˜“ in font nullfont!
Missing character: There is no é in font nullfont!
Missing character: There is no ç¨‹ in font nullfont!
Missing character: There is no ä¸­ in font nullfont!
Missing character: There is no æ›¾ in font nullfont!
Missing character: There is no å‡º in font nullfont!
Missing character: There is no ç¾ in font nullfont!
Missing character: There is no çš„ in font nullfont!
Missing character: There is no çª˜ in font nullfont!
Missing character: There is no å¢ƒ in font nullfont!
Missing character: There is no ã€‚ in font nullfont!

Overfull \hbox (20.0pt too wide) in paragraph at lines 4--7
[]
 []


! LaTeX Error: Missing \begin{document}.

See the LaTeX manual or LaTeX Companion for explanation.
Type  H <return>  for immediate help.
 ...                                              
                                                  
l.8 æ–¼
       2009å¹´åŠ å¯†è²¨å¹£ - æ¯”ç‰¹å¹£çš„å•ä¸–ï¼Œä»¥å¯†ç¢¼å­¸ã€ç¶²è·¯å­¸ã€...

You're in trouble here.  Try typing  <return>  to proceed.
If that doesn't work, type  X <return>  to quit.

Missing character: There is no æ–¼ in font nullfont!
Missing character: There is no 2 in font nullfont!
Missing character: There is no 0 in font nullfont!
Missing character: There is no 0 in font nullfont!
Missing character: There is no 9 in font nullfont!
Missing character: There is no å¹´ in font nullfont!
Missing character: There is no åŠ  in font nullfont!
Missing character: There is no å¯† in font nullfont!
Missing character: There is no è²¨ in font nullfont!
Missing character: There is no å¹£ in font nullfont!
Missing character: There is no - in font nullfont!
Missing character: There is no æ¯” in font nullfont!
Missing character: There is no ç‰¹ in font nullfont!
Missing character: There is no å¹£ in font nullfont!
Missing character: There is no çš„ in font nullfont!
Missing character: There is no å• in font nullfont!
Missing character: There is no ä¸– in font nullfont!
Missing character: There is no ï¼Œ in font nullfont!
Missing character: There is no ä»¥ in font nullfont!
Missing character: There is no å¯† in font nullfont!
Missing character: There is no ç¢¼ in font nullfont!
Missing character: There is no å­¸ in font nullfont!
Missing character: There is no ã€ in font nullfont!
Missing character: There is no ç¶² in font nullfont!
Missing character: There is no è·¯ in font nullfont!
Missing character: There is no å­¸ in font nullfont!
Missing character: There is no ã€ in font nullfont!
Missing character: There is no è²¨ in font nullfont!
Missing character: There is no å¹£ in font nullfont!
Missing character: There is no éŠ€ in font nullfont!
Missing character: There is no è¡Œ in font nullfont!
Missing character: There is no å­¸ in font nullfont!
Missing character: There is no ç‚º in font nullfont!
Missing character: There is no åŸº in font nullfont!
Missing character: There is no ç¤ in font nullfont!
Missing character: There is no å‰µ in font nullfont!
Missing character: There is no å»º in font nullfont!
Missing character: There is no äº† in font nullfont!
Missing character: There is no æ–° in font nullfont!
Missing character: There is no ä¸€ in font nullfont!
Missing character: There is no ä»£ in font nullfont!
Missing character: There is no çš„ in font nullfont!
Missing character: There is no ç¶² in font nullfont!
Missing character: There is no è·¯ in font nullfont!
Missing character: There is no è²¨ in font nullfont!
Missing character: There is no å¹£ in font nullfont!
Missing character: There is no ã€‚ in font nullfont!
Missing character: There is no ç«„ in font nullfont!
Missing character: There is no æ”¹ in font nullfont!
Missing character: There is no ã€ in font nullfont!
Missing character: There is no å…¬ in font nullfont!
Missing character: There is no é–‹ in font nullfont!
Missing character: There is no äº¤ in font nullfont!
Missing character: There is no æ˜“ in font nullfont!
Missing character: There is no æ•¸ in font nullfont!
Missing character: There is no æ“š in font nullfont!
Missing character: There is no æª¢ in font nullfont!
Missing character: There is no è¦– in font nullfont!
Missing character: There is no ã€ in font nullfont!
Missing character: There is no ä½¿ in font nullfont!
Missing character: There is no ç”¨ in font nullfont!
Missing character: There is no è€… in font nullfont!
Missing character: There is no åŒ¿ in font nullfont!
Missing character: There is no å in font nullfont!
Missing character: There is no æ€§ in font nullfont!
Missing character: There is no ã€ in font nullfont!
Missing character: There is no è‡ª in font nullfont!
Missing character: There is no å‹• in font nullfont!
Missing character: There is no é‹ in font nullfont!
Missing character: There is no ä½œ in font nullfont!
Missing character: There is no ä¸ in font nullfont!
Missing character: There is no é ˆ in font nullfont!
Missing character: There is no äºº in font nullfont!
Missing character: There is no ç‚º in font nullfont!
Missing character: There is no é‹ in font nullfont!
Missing character: There is no ç‡Ÿ in font nullfont!
Missing character: There is no çš„ in font nullfont!
Missing character: There is no å¤š in font nullfont!
Missing character: There is no é … in font nullfont!
Missing character: There is no ç‰¹ in font nullfont!
Missing character: There is no æ€§ in font nullfont!
Missing character: There is no ã€‚ in font nullfont!
Missing character: There is no è‡³ in font nullfont!
Missing character: There is no ä»Š in font nullfont!
Missing character: There is no å€ in font nullfont!
Missing character: There is no å¡Š in font nullfont!
Missing character: There is no éˆ in font nullfont!
Missing character: There is no æŠ€ in font nullfont!
Missing character: There is no è¡“ in font nullfont!
Missing character: There is no å·² in font nullfont!
Missing character: There is no æˆ in font nullfont!
Missing character: There is no ç‚º in font nullfont!
Missing character: There is no I in font nullfont!
Missing character: There is no B in font nullfont!
Missing character: There is no M in font nullfont!
Missing character: There is no ã€ in font nullfont!
Missing character: There is no æ‘© in font nullfont!
Missing character: There is no æ ¹ in font nullfont!
Missing character: There is no å¤§ in font nullfont!
Missing character: There is no é€š in font nullfont!
Missing character: There is no ã€ in font nullfont!
Missing character: There is no å¾® in font nullfont!
Missing character: There is no è»Ÿ in font nullfont!
Missing character: There is no ã€ in font nullfont!
Missing character: There is no è°· in font nullfont!
Missing character: There is no æ­Œ in font nullfont!
Missing character: There is no ã€ in font nullfont!
Missing character: There is no è‹± in font nullfont!
Missing character: There is no ç‰¹ in font nullfont!
Missing character: There is no çˆ¾ in font nullfont!
Missing character: There is no é‡ in font nullfont!
Missing character: There is no é» in font nullfont!
Missing character: There is no é–‹ in font nullfont!
Missing character: There is no ç™¼ in font nullfont!
Missing character: There is no é … in font nullfont!
Missing character: There is no ç›® in font nullfont!
Missing character: There is no ï¼Œ in font nullfont!
Missing character: There is no è¢« in font nullfont!
Missing character: There is no è¦– in font nullfont!
Missing character: There is no ç‚º in font nullfont!
Missing character: There is no æ”¹ in font nullfont!
Missing character: There is no å–„ in font nullfont!
Missing character: There is no éŠ€ in font nullfont!
Missing character: There is no è¡Œ in font nullfont!
Missing character: There is no é‹ in font nullfont!
Missing character: There is no ä½œ in font nullfont!
Missing character: There is no æ•ˆ in font nullfont!
Missing character: There is no ç‡ in font nullfont!
Missing character: There is no ã€ in font nullfont!
Missing character: There is no é™ in font nullfont!
Missing character: There is no ä½ in font nullfont!
Missing character: There is no é‹ in font nullfont!
Missing character: There is no ç‡Ÿ in font nullfont!
Missing character: There is no æˆ in font nullfont!
Missing character: There is no æœ¬ in font nullfont!
Missing character: There is no ã€ in font nullfont!
Missing character: There is no æ in font nullfont!
Missing character: There is no å‡ in font nullfont!
Missing character: There is no è³‡ in font nullfont!
Missing character: There is no è¨Š in font nullfont!
Missing character: There is no å®‰ in font nullfont!
Missing character: There is no å…¨ in font nullfont!
Missing character: There is no ã€ in font nullfont!
Missing character: There is no å»º in font nullfont!
Missing character: There is no ç«‹ in font nullfont!
Missing character: There is no å…¬ in font nullfont!
Missing character: There is no é–‹ in font nullfont!
Missing character: There is no æ•¸ in font nullfont!
Missing character: There is no æ“š in font nullfont!
Missing character: There is no çš„ in font nullfont!
Missing character: There is no æœ€ in font nullfont!
Missing character: There is no ä½³ in font nullfont!
Missing character: There is no æ–¹ in font nullfont!
Missing character: There is no æ³• in font nullfont!
Missing character: There is no ã€‚ in font nullfont!
Missing character: There is no ç‚º in font nullfont!
Missing character: There is no è§£ in font nullfont!
Missing character: There is no æ±º in font nullfont!
Missing character: There is no ç¾ in font nullfont!
Missing character: There is no é‡‘ in font nullfont!
Missing character: There is no ã€ in font nullfont!
Missing character: There is no æ”¶ in font nullfont!
Missing character: There is no ç›Š in font nullfont!
Missing character: There is no åŠ in font nullfont!
Missing character: There is no äº¤ in font nullfont!
Missing character: There is no æ˜“ in font nullfont!
Missing character: There is no æ•¸ in font nullfont!
Missing character: There is no æ“š in font nullfont!
Missing character: There is no åº« in font nullfont!
Missing character: There is no å­˜ in font nullfont!
Missing character: There is no åœ¨ in font nullfont!
Missing character: There is no ä¹‹ in font nullfont!
Missing character: There is no å• in font nullfont!
Missing character: There is no é¡Œ in font nullfont!
Missing character: There is no ï¼Œ in font nullfont!
Missing character: There is no é  in font nullfont!
Missing character: There is no æ¡ in font nullfont!
Missing character: There is no ç”¨ in font nullfont!
Missing character: There is no ä»¥ in font nullfont!
Missing character: There is no å€ in font nullfont!
Missing character: There is no å¡Š in font nullfont!
Missing character: There is no ç‚º in font nullfont!
Missing character: There is no åŸº in font nullfont!
Missing character: There is no ç¤ in font nullfont!
Missing character: There is no çš„ in font nullfont!
Missing character: There is no æ•¸ in font nullfont!
Missing character: There is no å­— in font nullfont!
Missing character: There is no è²¨ in font nullfont!
Missing character: There is no å¹£ in font nullfont!
Missing character: There is no æ¯” in font nullfont!
Missing character: There is no ç‰¹ in font nullfont!
Missing character: There is no å¹£ in font nullfont!
Missing character: There is no ç‚º in font nullfont!
Missing character: There is no è²¨ in font nullfont!
Missing character: There is no å¹£ in font nullfont!
Missing character: There is no ï¼Œ in font nullfont!
Missing character: There is no é€² in font nullfont!
Missing character: There is no è¡Œ in font nullfont!
Missing character: There is no å•† in font nullfont!
Missing character: There is no æ¥­ in font nullfont!
Missing character: There is no åŒ– in font nullfont!
Missing character: There is no æ”¶ in font nullfont!
Missing character: There is no éŠ€ in font nullfont!
Missing character: There is no ç³» in font nullfont!
Missing character: There is no çµ± in font nullfont!
Missing character: There is no é–‹ in font nullfont!
Missing character: There is no ç™¼ in font nullfont!
Missing character: There is no ã€‚ in font nullfont!
Missing character: There is no ä¸ in font nullfont!
Missing character: There is no åƒ… in font nullfont!
Missing character: There is no åƒ… in font nullfont!
Missing character: There is no æ˜¯ in font nullfont!
Missing character: There is no æ¯” in font nullfont!
Missing character: There is no ç‰¹ in font nullfont!
Missing character: There is no å¹£ in font nullfont!
Missing character: There is no ç®— in font nullfont!
Missing character: There is no æ³• in font nullfont!
Missing character: There is no ç©© in font nullfont!
Missing character: There is no å®š in font nullfont!
Missing character: There is no ã€ in font nullfont!
Missing character: There is no äº¤ in font nullfont!
Missing character: There is no æ˜“ in font nullfont!
Missing character: There is no å…¬ in font nullfont!
Missing character: There is no é–‹ in font nullfont!
Missing character: There is no é€ in font nullfont!
Missing character: There is no æ˜ in font nullfont!
Missing character: There is no ã€ in font nullfont!
Missing character: There is no ä¸ in font nullfont!
Missing character: There is no å¯ in font nullfont!
Missing character: There is no è¢« in font nullfont!
Missing character: There is no ç«„ in font nullfont!
Missing character: There is no æ”¹ in font nullfont!
Missing character: There is no çš„ in font nullfont!
Missing character: There is no ç‰¹ in font nullfont!
Missing character: There is no æ€§ in font nullfont!
Missing character: There is no å¤– in font nullfont!
Missing character: There is no ï¼Œ in font nullfont!
Missing character: There is no æ›´ in font nullfont!
Missing character: There is no æ˜¯ in font nullfont!
Missing character: There is no æœ¬ in font nullfont!
Missing character: There is no è«– in font nullfont!
Missing character: There is no æ–‡ in font nullfont!
Missing character: There is no åŠ  in font nullfont!
Missing character: There is no å…¥ in font nullfont!
Missing character: There is no ç›£ in font nullfont!
Missing character: There is no ç£ in font nullfont!
Missing character: There is no æ¨™ in font nullfont!
Missing character: There is no ç±¤ in font nullfont!
Missing character: There is no ï¼Œ in font nullfont!
Missing character: There is no ä½¿ in font nullfont!
Missing character: There is no å¾— in font nullfont!
Missing character: There is no åœ¨ in font nullfont!
Missing character: There is no åŒ¿ in font nullfont!
Missing character: There is no å in font nullfont!
Missing character: There is no äº¤ in font nullfont!
Missing character: There is no æ˜“ in font nullfont!
Missing character: There is no è½‰ in font nullfont!
Missing character: There is no ç‚º in font nullfont!
Missing character: There is no éƒ¨ in font nullfont!
Missing character: There is no åˆ† in font nullfont!
Missing character: There is no å¯¦ in font nullfont!
Missing character: There is no å in font nullfont!
Missing character: There is no äº¤ in font nullfont!
Missing character: There is no æ˜“ in font nullfont!
Missing character: There is no ï¼Œ in font nullfont!
Missing character: There is no ä¿ƒ in font nullfont!
Missing character: There is no ä½¿ in font nullfont!
Missing character: There is no ç›£ in font nullfont!
Missing character: There is no ç®¡ in font nullfont!
Missing character: There is no éƒ¨ in font nullfont!
Missing character: There is no é–€ in font nullfont!
Missing character: There is no èƒ½ in font nullfont!
Missing character: There is no æœ‰ in font nullfont!
Missing character: There is no æ›´ in font nullfont!
Missing character: There is no å¥½ in font nullfont!
Missing character: There is no çš„ in font nullfont!
Missing character: There is no è²¨ in font nullfont!
Missing character: There is no å¹£ in font nullfont!
Missing character: There is no æŠ€ in font nullfont!
Missing character: There is no è¡“ in font nullfont!
Missing character: There is no æ in font nullfont!
Missing character: There is no å‡ in font nullfont!
Missing character: There is no ï¼Œ in font nullfont!
Missing character: There is no äº¦ in font nullfont!
Missing character: There is no å¯ in font nullfont!
Missing character: There is no å»º in font nullfont!
Missing character: There is no ç«‹ in font nullfont!
Missing character: There is no è‡ª in font nullfont!
Missing character: There is no å‹• in font nullfont!
Missing character: There is no åŒ– in font nullfont!
Missing character: There is no çš„ in font nullfont!
Missing character: There is no ç¨… in font nullfont!
Missing character: There is no å‹™ in font nullfont!
Missing character: There is no å¯© in font nullfont!
Missing character: There is no æŸ¥ in font nullfont!
Missing character: There is no æ©Ÿ in font nullfont!
Missing character: There is no åˆ¶ in font nullfont!
Missing character: There is no ï¼Œ in font nullfont!
Missing character: There is no å¤§ in font nullfont!
Missing character: There is no å¹… in font nullfont!
Missing character: There is no é™ in font nullfont!
Missing character: There is no åœ° in font nullfont!
Missing character: There is no äºº in font nullfont!
Missing character: There is no æˆ in font nullfont!
Missing character: There is no æœ¬ in font nullfont!
Missing character: There is no ï¼Œ in font nullfont!
Missing character: There is no äº¦ in font nullfont!
Missing character: There is no å¯ in font nullfont!
Missing character: There is no æ in font nullfont!
Missing character: There is no é«˜ in font nullfont!
Missing character: There is no äº¤ in font nullfont!
Missing character: There is no æ˜“ in font nullfont!
Missing character: There is no ç³» in font nullfont!
Missing character: There is no çµ± in font nullfont!
Missing character: There is no çš„ in font nullfont!
Missing character: There is no ä¿¡ in font nullfont!
Missing character: There is no æ¯ in font nullfont!
Missing character: There is no å¯ in font nullfont!
Missing character: There is no é  in font nullfont!
Missing character: There is no åº¦ in font nullfont!
Missing character: There is no åŠ in font nullfont!
Missing character: There is no ç©© in font nullfont!
Missing character: There is no å®š in font nullfont!
Missing character: There is no åº¦ in font nullfont!
Missing character: There is no ã€‚ in font nullfont!
)
! Emergency stop.
<*> introduction.tex
                    
*** (job aborted, no legal \end found)

 
Here is how much of TeX's memory you used:
 4 strings out of 493005
 62 string characters out of 6134596
 61634 words of memory out of 5000000
 4077 multiletter control sequences out of 15000+600000
 3640 words of font info for 14 fonts, out of 8000000 for 9000
 1348 hyphenation exceptions out of 8191
 5i,0n,4p,346b,16s stack positions out of 5000i,500n,10000p,200000b,80000s
No pages of output.
